This is pdfTeX, Version 3.141592653-2.6-1.40.25 (MiKTeX 24.1) (preloaded format=pdflatex 2025.9.10)  29 SEP 2025 18:17
entering extended mode
 restricted \write18 enabled.
 file:line:error style messages enabled.
 %&-line parsing enabled.
**c:/Users/dijes/Desktop/Current/PG/Tecnico/_A2/TESE/DgJ_MEIC_thesis/main.tex
(c:/Users/dijes/Desktop/Current/PG/Tecnico/_A2/TESE/DgJ_MEIC_thesis/main.tex
LaTeX2e <2023-11-01> patch level 1
L3 programming layer <2024-01-04>
(istulthesis.cls
Document Class: istulthesis 2021/02/10

--------------------------------------------------------------
 +---+ Thesis Style (istulthesis.cls) 
 +---+ Version 3.1, February 2021 
 +---+ for Instituto Superior Tecnico (IST) 
 +---+ Universidade de Lisboa 
 * Modified from 'report.cls' 
 * Created to write Dissertations 
 * Conforms with IST Master Degree format 
 
 AUTHOR: Rui Santos Cruz 
 INSPIRED BY: Pedro Tomás work 
--------------------------------------------------------------

(C:\Users\dijes\AppData\Local\Programs\MiKTeX\tex/latex/base\report.cls
Document Class: report 2023/05/17 v1.4n Standard LaTeX document class
(C:\Users\dijes\AppData\Local\Programs\MiKTeX\tex/latex/base\size10.clo
File: size10.clo 2023/05/17 v1.4n Standard LaTeX file (size option)
)
\c@part=\count187
\c@chapter=\count188
\c@section=\count189
\c@subsection=\count190
\c@subsubsection=\count191
\c@paragraph=\count192
\c@subparagraph=\count193
\c@figure=\count194
\c@table=\count195
\abovecaptionskip=\skip48
\belowcaptionskip=\skip49
\bibindent=\dimen140
) (C:\Users\dijes\AppData\Local\Programs\MiKTeX\tex/latex/tools\indentfirst.sty
Package: indentfirst 2023/07/02 v1.03 Indent first paragraph (DPC)
) (C:\Users\dijes\AppData\Local\Programs\MiKTeX\tex/latex/base\ifthen.sty
Package: ifthen 2022/04/13 v1.1d Standard LaTeX ifthen package (DPC)
) (C:\Users\dijes\AppData\Local\Programs\MiKTeX\tex/latex/graphics\graphicx.sty
Package: graphicx 2021/09/16 v1.2d Enhanced LaTeX Graphics (DPC,SPQR)
 (C:\Users\dijes\AppData\Local\Programs\MiKTeX\tex/latex/graphics\keyval.sty
Package: keyval 2022/05/29 v1.15 key=value parser (DPC)
\KV@toks@=\toks17
) (C:\Users\dijes\AppData\Local\Programs\MiKTeX\tex/latex/graphics\graphics.sty
Package: graphics 2022/03/10 v1.4e Standard LaTeX Graphics (DPC,SPQR)
 (C:\Users\dijes\AppData\Local\Programs\MiKTeX\tex/latex/graphics\trig.sty
Package: trig 2021/08/11 v1.11 sin cos tan (DPC)
) (C:\Users\dijes\AppData\Local\Programs\MiKTeX\tex/latex/graphics-cfg\graphics.cfg
File: graphics.cfg 2016/06/04 v1.11 sample graphics configuration
)
Package graphics Info: Driver file: pdftex.def on input line 107.
 (C:\Users\dijes\AppData\Local\Programs\MiKTeX\tex/latex/graphics-def\pdftex.def
File: pdftex.def 2022/09/22 v1.2b Graphics/color driver for pdftex
))
\Gin@req@height=\dimen141
\Gin@req@width=\dimen142
) (C:\Users\dijes\AppData\Local\Programs\MiKTeX\tex/latex/epsf\epsf.sty
This is `epsf.tex' v2.7.4 <14 February 2011>
\epsffilein=\read2
\epsfframemargin=\dimen143
\epsfframethickness=\dimen144
\epsfrsize=\dimen145
\epsftmp=\dimen146
\epsftsize=\dimen147
\epsfxsize=\dimen148
\epsfysize=\dimen149
\pspoints=\dimen150
) (C:\Users\dijes\AppData\Local\Programs\MiKTeX\tex/latex/textpos\textpos.sty
Package: textpos 2022/07/23 v1.10.1
Package textpos Info: choosing support for LaTeX3 on input line 60.
\TP@textbox=\box51
\TP@holdbox=\box52
\TPHorizModule=\dimen151
\TPVertModule=\dimen152
\TP@margin=\dimen153
\TP@absmargin=\dimen154

Grid set 16 x 16 = 37.34424pt x 52.81541pt
\TPboxrulesize=\dimen155
\TP@ox=\dimen156
\TP@oy=\dimen157
\TP@tbargs=\toks18
TextBlockOrigin set to 0pt x 0pt
) (C:\Users\dijes\AppData\Local\Programs\MiKTeX\tex/latex/psnfss\helvet.sty
Package: helvet 2020/03/25 PSNFSS-v9.3 (WaS) 
)) (Preamble_commands.tex (C:\Users\dijes\AppData\Local\Programs\MiKTeX\tex/latex/ucs\ucs.sty
Package: ucs 2023/11/09 v2.4 UCS: Unicode input support
 (C:\Users\dijes\AppData\Local\Programs\MiKTeX\tex/latex/ucs/data\uni-global.def
File: uni-global.def 2022/08/07 UCS: Unicode global data
)
\uc@secondtry=\count196
\uc@combtoks=\toks19
\uc@combtoksb=\toks20
\uc@temptokena=\toks21
) (C:\Users\dijes\AppData\Local\Programs\MiKTeX\tex/latex/base\inputenc.sty
Package: inputenc 2021/02/14 v1.3d Input encoding file
\inpenc@prehook=\toks22
\inpenc@posthook=\toks23
) (C:\Users\dijes\AppData\Local\Programs\MiKTeX\tex/latex/base\fontenc.sty
Package: fontenc 2021/04/29 v2.0v Standard LaTeX package
LaTeX Font Info:    Trying to load font information for T1+phv on input line 112.
 (C:\Users\dijes\AppData\Local\Programs\MiKTeX\tex/latex/psnfss\t1phv.fd
File: t1phv.fd 2020/03/25 scalable font definitions for T1/phv.
)) (C:\Users\dijes\AppData\Local\Programs\MiKTeX\tex/generic/babel\babel.sty
Package: babel 2024/01/07 v24.1 The Babel package
\babel@savecnt=\count197
\U@D=\dimen158
\l@unhyphenated=\language79
 (C:\Users\dijes\AppData\Local\Programs\MiKTeX\tex/generic/babel\txtbabel.def)
\bbl@readstream=\read3
\bbl@dirlevel=\count198

*************************************
* Local config file bblopts.cfg used
*
(C:\Users\dijes\AppData\Local\Programs\MiKTeX\tex/latex/arabi\bblopts.cfg
File: bblopts.cfg 2005/09/08 v0.1 add Arabic and Farsi to "declared" options of babel
)
Package babel Info: Main language set with 'main='. Except if you have
(babel)             problems, prefer the default mechanism for setting
(babel)             the main language, ie, as the last declared.
(babel)             Reported on input line 4250.
 (C:\Users\dijes\AppData\Local\Programs\MiKTeX\tex/latex/babel-portuges\portuguese.ldf
Language: portuges 2021/07/09 v1.2t Portuguese support from the babel system
Package babel Info: Making " an active character on input line 143.
) (C:\Users\dijes\AppData\Local\Programs\MiKTeX\tex/latex/babel-english\english.ldf
Language: english 2017/06/06 v3.3r English support from the babel system
Package babel Info: Hyphen rules for 'canadian' set to \l@english
(babel)             (\language0). Reported on input line 102.
Package babel Info: Hyphen rules for 'australian' set to \l@ukenglish
(babel)             (\language73). Reported on input line 105.
Package babel Info: Hyphen rules for 'newzealand' set to \l@ukenglish
(babel)             (\language73). Reported on input line 108.
)) (C:\Users\dijes\AppData\Local\Programs\MiKTeX\tex/generic/babel/locale/en\babel-english.tex
Package babel Info: Importing font and identification data for english
(babel)             from babel-en.ini. Reported on input line 11.
) (C:\Users\dijes\AppData\Local\Programs\MiKTeX\tex/generic/babel/locale/pt\babel-portuguese.tex
Package babel Info: Importing font and identification data for portuguese
(babel)             from babel-pt.ini. Reported on input line 11.
) (C:\Users\dijes\AppData\Local\Programs\MiKTeX\tex/generic/oberdiek\iflang.sty
Package: iflang 2018/01/21 v1.7 Checks for the current language (HO)
 (C:\Users\dijes\AppData\Local\Programs\MiKTeX\tex/generic/infwarerr\infwarerr.sty
Package: infwarerr 2019/12/03 v1.5 Providing info/warning/error messages (HO)
) (C:\Users\dijes\AppData\Local\Programs\MiKTeX\tex/generic/pdftexcmds\pdftexcmds.sty
Package: pdftexcmds 2020-06-27 v0.33 Utility functions of pdfTeX for LuaTeX (HO)
 (C:\Users\dijes\AppData\Local\Programs\MiKTeX\tex/generic/iftex\iftex.sty
Package: iftex 2022/02/03 v1.0f TeX engine tests
) (C:\Users\dijes\AppData\Local\Programs\MiKTeX\tex/generic/ltxcmds\ltxcmds.sty
Package: ltxcmds 2023-12-04 v1.26 LaTeX kernel commands for general use (HO)
)
Package pdftexcmds Info: \pdf@primitive is available.
Package pdftexcmds Info: \pdf@ifprimitive is available.
Package pdftexcmds Info: \pdfdraftmode found.
)
Package iflang Info: Naming convention for patterns: babel.
) (C:\Users\dijes\AppData\Local\Programs\MiKTeX\tex/latex/koma-script\scrbase.sty
Package: scrbase 2025/09/09 v3.48 KOMA-Script package (KOMA-Script-independent basics and keyval usage)
 (C:\Users\dijes\AppData\Local\Programs\MiKTeX\tex/latex/koma-script\scrlfile.sty
Package: scrlfile 2025/09/09 v3.48 KOMA-Script package (file load hooks)
 (C:\Users\dijes\AppData\Local\Programs\MiKTeX\tex/latex/koma-script\scrlfile-hook.sty
Package: scrlfile-hook 2025/09/09 v3.48 KOMA-Script package (using LaTeX hooks)
 (C:\Users\dijes\AppData\Local\Programs\MiKTeX\tex/latex/koma-script\scrlogo.sty
Package: scrlogo 2025/09/09 v3.48 KOMA-Script package (logo)
)))
Applying: [2021/05/01] Usage of raw or classic option list on input line 254.
Already applied: [0000/00/00] Usage of raw or classic option list on input line 370.
) (C:\Users\dijes\AppData\Local\Programs\MiKTeX\tex/latex/mathtools\mathtools.sty
Package: mathtools 2024/10/04 v1.31 mathematical typesetting tools
 (C:\Users\dijes\AppData\Local\Programs\MiKTeX\tex/latex/tools\calc.sty
Package: calc 2023/07/08 v4.3 Infix arithmetic (KKT,FJ)
\calc@Acount=\count199
\calc@Bcount=\count266
\calc@Adimen=\dimen159
\calc@Bdimen=\dimen160
\calc@Askip=\skip50
\calc@Bskip=\skip51
LaTeX Info: Redefining \setlength on input line 80.
LaTeX Info: Redefining \addtolength on input line 81.
\calc@Ccount=\count267
\calc@Cskip=\skip52
) (C:\Users\dijes\AppData\Local\Programs\MiKTeX\tex/latex/mathtools\mhsetup.sty
Package: mhsetup 2021/03/18 v1.4 programming setup (MH)
) (C:\Users\dijes\AppData\Local\Programs\MiKTeX\tex/latex/amsmath\amsmath.sty
Package: amsmath 2023/05/13 v2.17o AMS math features
\@mathmargin=\skip53

For additional information on amsmath, use the `?' option.
(C:\Users\dijes\AppData\Local\Programs\MiKTeX\tex/latex/amsmath\amstext.sty
Package: amstext 2021/08/26 v2.01 AMS text
 (C:\Users\dijes\AppData\Local\Programs\MiKTeX\tex/latex/amsmath\amsgen.sty
File: amsgen.sty 1999/11/30 v2.0 generic functions
\@emptytoks=\toks24
\ex@=\dimen161
)) (C:\Users\dijes\AppData\Local\Programs\MiKTeX\tex/latex/amsmath\amsbsy.sty
Package: amsbsy 1999/11/29 v1.2d Bold Symbols
\pmbraise@=\dimen162
) (C:\Users\dijes\AppData\Local\Programs\MiKTeX\tex/latex/amsmath\amsopn.sty
Package: amsopn 2022/04/08 v2.04 operator names
)
\inf@bad=\count268
LaTeX Info: Redefining \frac on input line 234.
\uproot@=\count269
\leftroot@=\count270
LaTeX Info: Redefining \overline on input line 399.
LaTeX Info: Redefining \colon on input line 410.
\classnum@=\count271
\DOTSCASE@=\count272
LaTeX Info: Redefining \ldots on input line 496.
LaTeX Info: Redefining \dots on input line 499.
LaTeX Info: Redefining \cdots on input line 620.
\Mathstrutbox@=\box53
\strutbox@=\box54
LaTeX Info: Redefining \big on input line 722.
LaTeX Info: Redefining \Big on input line 723.
LaTeX Info: Redefining \bigg on input line 724.
LaTeX Info: Redefining \Bigg on input line 725.
\big@size=\dimen163
LaTeX Font Info:    Redeclaring font encoding OML on input line 743.
LaTeX Font Info:    Redeclaring font encoding OMS on input line 744.
\macc@depth=\count273
LaTeX Info: Redefining \bmod on input line 905.
LaTeX Info: Redefining \pmod on input line 910.
LaTeX Info: Redefining \smash on input line 940.
LaTeX Info: Redefining \relbar on input line 970.
LaTeX Info: Redefining \Relbar on input line 971.
\c@MaxMatrixCols=\count274
\dotsspace@=\muskip16
\c@parentequation=\count275
\dspbrk@lvl=\count276
\tag@help=\toks25
\row@=\count277
\column@=\count278
\maxfields@=\count279
\andhelp@=\toks26
\eqnshift@=\dimen164
\alignsep@=\dimen165
\tagshift@=\dimen166
\tagwidth@=\dimen167
\totwidth@=\dimen168
\lineht@=\dimen169
\@envbody=\toks27
\multlinegap=\skip54
\multlinetaggap=\skip55
\mathdisplay@stack=\toks28
LaTeX Info: Redefining \[ on input line 2953.
LaTeX Info: Redefining \] on input line 2954.
)
\g_MT_multlinerow_int=\count280
\l_MT_multwidth_dim=\dimen170
\origjot=\skip56
\l_MT_shortvdotswithinadjustabove_dim=\dimen171
\l_MT_shortvdotswithinadjustbelow_dim=\dimen172
\l_MT_above_intertext_sep=\dimen173
\l_MT_below_intertext_sep=\dimen174
\l_MT_above_shortintertext_sep=\dimen175
\l_MT_below_shortintertext_sep=\dimen176
\xmathstrut@box=\box55
\xmathstrut@dim=\dimen177
) (C:\Users\dijes\AppData\Local\Programs\MiKTeX\tex/latex/amscls\amsthm.sty
Package: amsthm 2020/05/29 v2.20.6
\thm@style=\toks29
\thm@bodyfont=\toks30
\thm@headfont=\toks31
\thm@notefont=\toks32
\thm@headpunct=\toks33
\thm@preskip=\skip57
\thm@postskip=\skip58
\thm@headsep=\skip59
\dth@everypar=\toks34
) (C:\Users\dijes\AppData\Local\Programs\MiKTeX\tex/latex/amsfonts\amssymb.sty
Package: amssymb 2013/01/14 v3.01 AMS font symbols
 (C:\Users\dijes\AppData\Local\Programs\MiKTeX\tex/latex/amsfonts\amsfonts.sty
Package: amsfonts 2013/01/14 v3.01 Basic AMSFonts support
\symAMSa=\mathgroup4
\symAMSb=\mathgroup5
LaTeX Font Info:    Redeclaring math symbol \hbar on input line 98.
LaTeX Font Info:    Overwriting math alphabet `\mathfrak' in version `bold'
(Font)                  U/euf/m/n --> U/euf/b/n on input line 106.
)) (C:\Users\dijes\AppData\Local\Programs\MiKTeX\tex/latex/units\nicefrac.sty
Package: nicefrac 1998/08/04 v0.9b Nice fractions
\L@UnitsRaiseDisplaystyle=\skip60
\L@UnitsRaiseTextstyle=\skip61
\L@UnitsRaiseScriptstyle=\skip62
) (C:\Users\dijes\AppData\Local\Programs\MiKTeX\tex/latex/pgf/frontendlayer\tikz.sty (C:\Users\dijes\AppData\Local\Programs\MiKTeX\tex/latex/pgf/basiclayer\pgf.sty (C:\Users\dijes\AppData\Local\Programs\MiKTeX\tex/latex/pgf/utilities\pgfrcs.sty (C:\Users\dijes\AppData\Local\Programs\MiKTeX\tex/generic/pgf/utilities\pgfutil-common.tex
\pgfutil@everybye=\toks35
\pgfutil@tempdima=\dimen178
\pgfutil@tempdimb=\dimen179
) (C:\Users\dijes\AppData\Local\Programs\MiKTeX\tex/generic/pgf/utilities\pgfutil-latex.def
\pgfutil@abb=\box56
) (C:\Users\dijes\AppData\Local\Programs\MiKTeX\tex/generic/pgf/utilities\pgfrcs.code.tex (C:\Users\dijes\AppData\Local\Programs\MiKTeX\tex/generic/pgf\pgf.revision.tex)
Package: pgfrcs 2023-01-15 v3.1.10 (3.1.10)
))
Package: pgf 2023-01-15 v3.1.10 (3.1.10)
 (C:\Users\dijes\AppData\Local\Programs\MiKTeX\tex/latex/pgf/basiclayer\pgfcore.sty (C:\Users\dijes\AppData\Local\Programs\MiKTeX\tex/latex/pgf/systemlayer\pgfsys.sty (C:\Users\dijes\AppData\Local\Programs\MiKTeX\tex/generic/pgf/systemlayer\pgfsys.code.tex
Package: pgfsys 2023-01-15 v3.1.10 (3.1.10)
 (C:\Users\dijes\AppData\Local\Programs\MiKTeX\tex/generic/pgf/utilities\pgfkeys.code.tex
\pgfkeys@pathtoks=\toks36
\pgfkeys@temptoks=\toks37
 (C:\Users\dijes\AppData\Local\Programs\MiKTeX\tex/generic/pgf/utilities\pgfkeyslibraryfiltered.code.tex
\pgfkeys@tmptoks=\toks38
))
\pgf@x=\dimen180
\pgf@y=\dimen181
\pgf@xa=\dimen182
\pgf@ya=\dimen183
\pgf@xb=\dimen184
\pgf@yb=\dimen185
\pgf@xc=\dimen186
\pgf@yc=\dimen187
\pgf@xd=\dimen188
\pgf@yd=\dimen189
\w@pgf@writea=\write3
\r@pgf@reada=\read4
\c@pgf@counta=\count281
\c@pgf@countb=\count282
\c@pgf@countc=\count283
\c@pgf@countd=\count284
\t@pgf@toka=\toks39
\t@pgf@tokb=\toks40
\t@pgf@tokc=\toks41
\pgf@sys@id@count=\count285
 (C:\Users\dijes\AppData\Local\Programs\MiKTeX\tex/generic/pgf/systemlayer\pgf.cfg
File: pgf.cfg 2023-01-15 v3.1.10 (3.1.10)
)
Driver file for pgf: pgfsys-pdftex.def
 (C:\Users\dijes\AppData\Local\Programs\MiKTeX\tex/generic/pgf/systemlayer\pgfsys-pdftex.def
File: pgfsys-pdftex.def 2023-01-15 v3.1.10 (3.1.10)
 (C:\Users\dijes\AppData\Local\Programs\MiKTeX\tex/generic/pgf/systemlayer\pgfsys-common-pdf.def
File: pgfsys-common-pdf.def 2023-01-15 v3.1.10 (3.1.10)
))) (C:\Users\dijes\AppData\Local\Programs\MiKTeX\tex/generic/pgf/systemlayer\pgfsyssoftpath.code.tex
File: pgfsyssoftpath.code.tex 2023-01-15 v3.1.10 (3.1.10)
\pgfsyssoftpath@smallbuffer@items=\count286
\pgfsyssoftpath@bigbuffer@items=\count287
) (C:\Users\dijes\AppData\Local\Programs\MiKTeX\tex/generic/pgf/systemlayer\pgfsysprotocol.code.tex
File: pgfsysprotocol.code.tex 2023-01-15 v3.1.10 (3.1.10)
)) (C:\Users\dijes\AppData\Local\Programs\MiKTeX\tex/latex/xcolor\xcolor.sty
Package: xcolor 2023/11/15 v3.01 LaTeX color extensions (UK)
 (C:\Users\dijes\AppData\Local\Programs\MiKTeX\tex/latex/graphics-cfg\color.cfg
File: color.cfg 2016/01/02 v1.6 sample color configuration
)
Package xcolor Info: Driver file: pdftex.def on input line 274.
 (C:\Users\dijes\AppData\Local\Programs\MiKTeX\tex/latex/graphics\mathcolor.ltx)
Package xcolor Info: Model `cmy' substituted by `cmy0' on input line 1350.
Package xcolor Info: Model `hsb' substituted by `rgb' on input line 1354.
Package xcolor Info: Model `RGB' extended on input line 1366.
Package xcolor Info: Model `HTML' substituted by `rgb' on input line 1368.
Package xcolor Info: Model `Hsb' substituted by `hsb' on input line 1369.
Package xcolor Info: Model `tHsb' substituted by `hsb' on input line 1370.
Package xcolor Info: Model `HSB' substituted by `hsb' on input line 1371.
Package xcolor Info: Model `Gray' substituted by `gray' on input line 1372.
Package xcolor Info: Model `wave' substituted by `hsb' on input line 1373.
) (C:\Users\dijes\AppData\Local\Programs\MiKTeX\tex/generic/pgf/basiclayer\pgfcore.code.tex
Package: pgfcore 2023-01-15 v3.1.10 (3.1.10)
 (C:\Users\dijes\AppData\Local\Programs\MiKTeX\tex/generic/pgf/math\pgfmath.code.tex (C:\Users\dijes\AppData\Local\Programs\MiKTeX\tex/generic/pgf/math\pgfmathutil.code.tex) (C:\Users\dijes\AppData\Local\Programs\MiKTeX\tex/generic/pgf/math\pgfmathparser.code.tex
\pgfmath@dimen=\dimen190
\pgfmath@count=\count288
\pgfmath@box=\box57
\pgfmath@toks=\toks42
\pgfmath@stack@operand=\toks43
\pgfmath@stack@operation=\toks44
) (C:\Users\dijes\AppData\Local\Programs\MiKTeX\tex/generic/pgf/math\pgfmathfunctions.code.tex) (C:\Users\dijes\AppData\Local\Programs\MiKTeX\tex/generic/pgf/math\pgfmathfunctions.basic.code.tex) (C:\Users\dijes\AppData\Local\Programs\MiKTeX\tex/generic/pgf/math\pgfmathfunctions.trigonometric.code.tex) (C:\Users\dijes\AppData\Local\Programs\MiKTeX\tex/generic/pgf/math\pgfmathfunctions.random.code.tex) (C:\Users\dijes\AppData\Local\Programs\MiKTeX\tex/generic/pgf/math\pgfmathfunctions.comparison.code.tex) (C:\Users\dijes\AppData\Local\Programs\MiKTeX\tex/generic/pgf/math\pgfmathfunctions.base.code.tex) (C:\Users\dijes\AppData\Local\Programs\MiKTeX\tex/generic/pgf/math\pgfmathfunctions.round.code.tex) (C:\Users\dijes\AppData\Local\Programs\MiKTeX\tex/generic/pgf/math\pgfmathfunctions.misc.code.tex) (C:\Users\dijes\AppData\Local\Programs\MiKTeX\tex/generic/pgf/math\pgfmathfunctions.integerarithmetics.code.tex) (C:\Users\dijes\AppData\Local\Programs\MiKTeX\tex/generic/pgf/math\pgfmathcalc.code.tex) (C:\Users\dijes\AppData\Local\Programs\MiKTeX\tex/generic/pgf/math\pgfmathfloat.code.tex
\c@pgfmathroundto@lastzeros=\count289
)) (C:\Users\dijes\AppData\Local\Programs\MiKTeX\tex/generic/pgf/math\pgfint.code.tex) (C:\Users\dijes\AppData\Local\Programs\MiKTeX\tex/generic/pgf/basiclayer\pgfcorepoints.code.tex
File: pgfcorepoints.code.tex 2023-01-15 v3.1.10 (3.1.10)
\pgf@picminx=\dimen191
\pgf@picmaxx=\dimen192
\pgf@picminy=\dimen193
\pgf@picmaxy=\dimen194
\pgf@pathminx=\dimen195
\pgf@pathmaxx=\dimen196
\pgf@pathminy=\dimen197
\pgf@pathmaxy=\dimen198
\pgf@xx=\dimen199
\pgf@xy=\dimen256
\pgf@yx=\dimen257
\pgf@yy=\dimen258
\pgf@zx=\dimen259
\pgf@zy=\dimen260
) (C:\Users\dijes\AppData\Local\Programs\MiKTeX\tex/generic/pgf/basiclayer\pgfcorepathconstruct.code.tex
File: pgfcorepathconstruct.code.tex 2023-01-15 v3.1.10 (3.1.10)
\pgf@path@lastx=\dimen261
\pgf@path@lasty=\dimen262
) (C:\Users\dijes\AppData\Local\Programs\MiKTeX\tex/generic/pgf/basiclayer\pgfcorepathusage.code.tex
File: pgfcorepathusage.code.tex 2023-01-15 v3.1.10 (3.1.10)
\pgf@shorten@end@additional=\dimen263
\pgf@shorten@start@additional=\dimen264
) (C:\Users\dijes\AppData\Local\Programs\MiKTeX\tex/generic/pgf/basiclayer\pgfcorescopes.code.tex
File: pgfcorescopes.code.tex 2023-01-15 v3.1.10 (3.1.10)
\pgfpic=\box58
\pgf@hbox=\box59
\pgf@layerbox@main=\box60
\pgf@picture@serial@count=\count290
) (C:\Users\dijes\AppData\Local\Programs\MiKTeX\tex/generic/pgf/basiclayer\pgfcoregraphicstate.code.tex
File: pgfcoregraphicstate.code.tex 2023-01-15 v3.1.10 (3.1.10)
\pgflinewidth=\dimen265
) (C:\Users\dijes\AppData\Local\Programs\MiKTeX\tex/generic/pgf/basiclayer\pgfcoretransformations.code.tex
File: pgfcoretransformations.code.tex 2023-01-15 v3.1.10 (3.1.10)
\pgf@pt@x=\dimen266
\pgf@pt@y=\dimen267
\pgf@pt@temp=\dimen268
) (C:\Users\dijes\AppData\Local\Programs\MiKTeX\tex/generic/pgf/basiclayer\pgfcorequick.code.tex
File: pgfcorequick.code.tex 2023-01-15 v3.1.10 (3.1.10)
) (C:\Users\dijes\AppData\Local\Programs\MiKTeX\tex/generic/pgf/basiclayer\pgfcoreobjects.code.tex
File: pgfcoreobjects.code.tex 2023-01-15 v3.1.10 (3.1.10)
) (C:\Users\dijes\AppData\Local\Programs\MiKTeX\tex/generic/pgf/basiclayer\pgfcorepathprocessing.code.tex
File: pgfcorepathprocessing.code.tex 2023-01-15 v3.1.10 (3.1.10)
) (C:\Users\dijes\AppData\Local\Programs\MiKTeX\tex/generic/pgf/basiclayer\pgfcorearrows.code.tex
File: pgfcorearrows.code.tex 2023-01-15 v3.1.10 (3.1.10)
\pgfarrowsep=\dimen269
) (C:\Users\dijes\AppData\Local\Programs\MiKTeX\tex/generic/pgf/basiclayer\pgfcoreshade.code.tex
File: pgfcoreshade.code.tex 2023-01-15 v3.1.10 (3.1.10)
\pgf@max=\dimen270
\pgf@sys@shading@range@num=\count291
\pgf@shadingcount=\count292
) (C:\Users\dijes\AppData\Local\Programs\MiKTeX\tex/generic/pgf/basiclayer\pgfcoreimage.code.tex
File: pgfcoreimage.code.tex 2023-01-15 v3.1.10 (3.1.10)
) (C:\Users\dijes\AppData\Local\Programs\MiKTeX\tex/generic/pgf/basiclayer\pgfcoreexternal.code.tex
File: pgfcoreexternal.code.tex 2023-01-15 v3.1.10 (3.1.10)
\pgfexternal@startupbox=\box61
) (C:\Users\dijes\AppData\Local\Programs\MiKTeX\tex/generic/pgf/basiclayer\pgfcorelayers.code.tex
File: pgfcorelayers.code.tex 2023-01-15 v3.1.10 (3.1.10)
) (C:\Users\dijes\AppData\Local\Programs\MiKTeX\tex/generic/pgf/basiclayer\pgfcoretransparency.code.tex
File: pgfcoretransparency.code.tex 2023-01-15 v3.1.10 (3.1.10)
) (C:\Users\dijes\AppData\Local\Programs\MiKTeX\tex/generic/pgf/basiclayer\pgfcorepatterns.code.tex
File: pgfcorepatterns.code.tex 2023-01-15 v3.1.10 (3.1.10)
) (C:\Users\dijes\AppData\Local\Programs\MiKTeX\tex/generic/pgf/basiclayer\pgfcorerdf.code.tex
File: pgfcorerdf.code.tex 2023-01-15 v3.1.10 (3.1.10)
))) (C:\Users\dijes\AppData\Local\Programs\MiKTeX\tex/generic/pgf/modules\pgfmoduleshapes.code.tex
File: pgfmoduleshapes.code.tex 2023-01-15 v3.1.10 (3.1.10)
\pgfnodeparttextbox=\box62
) (C:\Users\dijes\AppData\Local\Programs\MiKTeX\tex/generic/pgf/modules\pgfmoduleplot.code.tex
File: pgfmoduleplot.code.tex 2023-01-15 v3.1.10 (3.1.10)
) (C:\Users\dijes\AppData\Local\Programs\MiKTeX\tex/latex/pgf/compatibility\pgfcomp-version-0-65.sty
Package: pgfcomp-version-0-65 2023-01-15 v3.1.10 (3.1.10)
\pgf@nodesepstart=\dimen271
\pgf@nodesepend=\dimen272
) (C:\Users\dijes\AppData\Local\Programs\MiKTeX\tex/latex/pgf/compatibility\pgfcomp-version-1-18.sty
Package: pgfcomp-version-1-18 2023-01-15 v3.1.10 (3.1.10)
)) (C:\Users\dijes\AppData\Local\Programs\MiKTeX\tex/latex/pgf/utilities\pgffor.sty (C:\Users\dijes\AppData\Local\Programs\MiKTeX\tex/latex/pgf/utilities\pgfkeys.sty (C:\Users\dijes\AppData\Local\Programs\MiKTeX\tex/generic/pgf/utilities\pgfkeys.code.tex)) (C:\Users\dijes\AppData\Local\Programs\MiKTeX\tex/latex/pgf/math\pgfmath.sty (C:\Users\dijes\AppData\Local\Programs\MiKTeX\tex/generic/pgf/math\pgfmath.code.tex)) (C:\Users\dijes\AppData\Local\Programs\MiKTeX\tex/generic/pgf/utilities\pgffor.code.tex
Package: pgffor 2023-01-15 v3.1.10 (3.1.10)
\pgffor@iter=\dimen273
\pgffor@skip=\dimen274
\pgffor@stack=\toks45
\pgffor@toks=\toks46
)) (C:\Users\dijes\AppData\Local\Programs\MiKTeX\tex/generic/pgf/frontendlayer/tikz\tikz.code.tex
Package: tikz 2023-01-15 v3.1.10 (3.1.10)
 (C:\Users\dijes\AppData\Local\Programs\MiKTeX\tex/generic/pgf/libraries\pgflibraryplothandlers.code.tex
File: pgflibraryplothandlers.code.tex 2023-01-15 v3.1.10 (3.1.10)
\pgf@plot@mark@count=\count293
\pgfplotmarksize=\dimen275
)
\tikz@lastx=\dimen276
\tikz@lasty=\dimen277
\tikz@lastxsaved=\dimen278
\tikz@lastysaved=\dimen279
\tikz@lastmovetox=\dimen280
\tikz@lastmovetoy=\dimen281
\tikzleveldistance=\dimen282
\tikzsiblingdistance=\dimen283
\tikz@figbox=\box63
\tikz@figbox@bg=\box64
\tikz@tempbox=\box65
\tikz@tempbox@bg=\box66
\tikztreelevel=\count294
\tikznumberofchildren=\count295
\tikznumberofcurrentchild=\count296
\tikz@fig@count=\count297
 (C:\Users\dijes\AppData\Local\Programs\MiKTeX\tex/generic/pgf/modules\pgfmodulematrix.code.tex
File: pgfmodulematrix.code.tex 2023-01-15 v3.1.10 (3.1.10)
\pgfmatrixcurrentrow=\count298
\pgfmatrixcurrentcolumn=\count299
\pgf@matrix@numberofcolumns=\count300
)
\tikz@expandcount=\count301
 (C:\Users\dijes\AppData\Local\Programs\MiKTeX\tex/generic/pgf/frontendlayer/tikz/libraries\tikzlibrarytopaths.code.tex
File: tikzlibrarytopaths.code.tex 2023-01-15 v3.1.10 (3.1.10)
))) (C:\Users\dijes\AppData\Local\Programs\MiKTeX\tex/generic/pgf/frontendlayer/tikz/libraries\tikzlibraryshapes.geometric.code.tex
File: tikzlibraryshapes.geometric.code.tex 2023-01-15 v3.1.10 (3.1.10)
 (C:\Users\dijes\AppData\Local\Programs\MiKTeX\tex/generic/pgf/libraries/shapes\pgflibraryshapes.geometric.code.tex
File: pgflibraryshapes.geometric.code.tex 2023-01-15 v3.1.10 (3.1.10)
)) (C:\Users\dijes\AppData\Local\Programs\MiKTeX\tex/generic/pgf/frontendlayer/tikz/libraries\tikzlibraryarrows.code.tex
File: tikzlibraryarrows.code.tex 2023-01-15 v3.1.10 (3.1.10)
 (C:\Users\dijes\AppData\Local\Programs\MiKTeX\tex/generic/pgf/libraries\pgflibraryarrows.code.tex
File: pgflibraryarrows.code.tex 2023-01-15 v3.1.10 (3.1.10)
\arrowsize=\dimen284
)) (C:\Users\dijes\AppData\Local\Programs\MiKTeX\tex/generic/pgf/frontendlayer/tikz/libraries\tikzlibrarypositioning.code.tex
File: tikzlibrarypositioning.code.tex 2023-01-15 v3.1.10 (3.1.10)
) (C:\Users\dijes\AppData\Local\Programs\MiKTeX\tex/latex/tools\array.sty
Package: array 2023/10/16 v2.5g Tabular extension package (FMi)
\col@sep=\dimen285
\ar@mcellbox=\box67
\extrarowheight=\dimen286
\NC@list=\toks47
\extratabsurround=\skip63
\backup@length=\skip64
\ar@cellbox=\box68
) (C:\Users\dijes\AppData\Local\Programs\MiKTeX\tex/latex/booktabs\booktabs.sty
Package: booktabs 2020/01/12 v1.61803398 Publication quality tables
\heavyrulewidth=\dimen287
\lightrulewidth=\dimen288
\cmidrulewidth=\dimen289
\belowrulesep=\dimen290
\belowbottomsep=\dimen291
\aboverulesep=\dimen292
\abovetopsep=\dimen293
\cmidrulesep=\dimen294
\cmidrulekern=\dimen295
\defaultaddspace=\dimen296
\@cmidla=\count302
\@cmidlb=\count303
\@aboverulesep=\dimen297
\@belowrulesep=\dimen298
\@thisruleclass=\count304
\@lastruleclass=\count305
\@thisrulewidth=\dimen299
) (C:\Users\dijes\AppData\Local\Programs\MiKTeX\tex/latex/multirow\multirow.sty
Package: multirow 2024/11/12 v2.9 Span multiple rows of a table
\multirow@colwidth=\skip65
\multirow@cntb=\count306
\multirow@dima=\skip66
\bigstrutjot=\dimen300
) (C:\Users\dijes\AppData\Local\Programs\MiKTeX\tex/latex/colortbl\colortbl.sty
Package: colortbl 2024/10/29 v1.0k Color table columns (DPC)
\everycr=\toks48
\minrowclearance=\skip67
\rownum=\count307
) (C:\Users\dijes\AppData\Local\Programs\MiKTeX\tex/latex/spreadtab\spreadtab.sty
Package: spreadtab 2025/03/14 v0.61 Spreadsheet features for table environments (CT)
 (C:\Users\dijes\AppData\Local\Programs\MiKTeX\tex/latex/xstring\xstring.sty (C:\Users\dijes\AppData\Local\Programs\MiKTeX\tex/generic/xstring\xstring.tex
\xs_counta=\count308
\xs_countb=\count309
)
Package: xstring 2023/08/22 v1.86 String manipulations (CT)
) (C:\Users\dijes\AppData\Local\Programs\MiKTeX\tex/latex/simplekv\simplekv.sty (C:\Users\dijes\AppData\Local\Programs\MiKTeX\tex/generic/simplekv\simplekv.tex)
Package: simplekv 2025/06/15 v0.32 Simple keyval package (CT)
)
\ST_cnt=\count310
\ST_col_cnt=\count311
\ST_col_cnt_a=\count312
\ST_row_cnt=\count313
\ST_row_cnt_a=\count314
\ST_intpart_cnt=\count315
) (C:\Users\dijes\AppData\Local\Programs\MiKTeX\tex/latex/tools\longtable.sty
Package: longtable 2023-11-01 v4.19 Multi-page Table package (DPC)
\LTleft=\skip68
\LTright=\skip69
\LTpre=\skip70
\LTpost=\skip71
\LTchunksize=\count316
\LTcapwidth=\dimen301
\LT@head=\box69
\LT@firsthead=\box70
\LT@foot=\box71
\LT@lastfoot=\box72
\LT@gbox=\box73
\LT@cols=\count317
\LT@rows=\count318
\c@LT@tables=\count319
\c@LT@chunks=\count320
\LT@p@ftn=\toks49
) (C:\Users\dijes\AppData\Local\Programs\MiKTeX\tex/latex/pdflscape\pdflscape.sty
Package: pdflscape 2022-10-27 v0.13 Display of landscape pages in PDF
 (C:\Users\dijes\AppData\Local\Programs\MiKTeX\tex/latex/pdflscape\pdflscape-nometadata.sty
Package: pdflscape-nometadata 2022-10-28 v0.13 Display of landscape pages in PDF (HO)
 (C:\Users\dijes\AppData\Local\Programs\MiKTeX\tex/latex/graphics\lscape.sty
Package: lscape 2020/05/28 v3.02 Landscape Pages (DPC)
)
Package pdflscape Info: Auto-detected driver: pdftex on input line 81.
)) (C:\Users\dijes\AppData\Local\Programs\MiKTeX\tex/latex/float\float.sty
Package: float 2001/11/08 v1.3d Float enhancements (AL)
\c@float@type=\count321
\float@exts=\toks50
\float@box=\box74
\@float@everytoks=\toks51
\@floatcapt=\box75
) (C:\Users\dijes\AppData\Local\Programs\MiKTeX\tex/latex/subfigure\subfigure.sty
Package: subfigure 2002/07/30 v2.1.4 subfigure package
\subfigtopskip=\skip72
\subfigcapskip=\skip73
\subfigcaptopadj=\dimen302
\subfigbottomskip=\skip74
\subfigcapmargin=\dimen303
\subfiglabelskip=\skip75
\c@subfigure=\count322
\c@lofdepth=\count323
\c@subtable=\count324
\c@lotdepth=\count325

****************************************
* Local config file subfigure.cfg used *
****************************************
(C:\Users\dijes\AppData\Local\Programs\MiKTeX\tex/latex/subfigure\subfigure.cfg)
\subfig@top=\skip76
\subfig@bottom=\skip77
) (C:\Users\dijes\AppData\Local\Programs\MiKTeX\tex/latex/caption\caption.sty
Package: caption 2023/08/05 v3.6o Customizing captions (AR)
 (C:\Users\dijes\AppData\Local\Programs\MiKTeX\tex/latex/caption\caption3.sty
Package: caption3 2023/07/31 v2.4d caption3 kernel (AR)
\caption@tempdima=\dimen304
\captionmargin=\dimen305
\caption@leftmargin=\dimen306
\caption@rightmargin=\dimen307
\caption@width=\dimen308
\caption@indent=\dimen309
\caption@parindent=\dimen310
\caption@hangindent=\dimen311
Package caption Info: Standard document class detected.
)
\c@caption@flags=\count326
\c@continuedfloat=\count327
Package caption Info: float package is loaded.
Package caption Info: longtable package is loaded.
 (C:\Users\dijes\AppData\Local\Programs\MiKTeX\tex/latex/caption\ltcaption.sty
Package: ltcaption 2021/01/08 v1.4c longtable captions (AR)
)
Package caption Info: subfigure package is loaded.
) (C:\Users\dijes\AppData\Local\Programs\MiKTeX\tex/latex/algorithm2e\algorithm2e.sty
Package: algorithm2e 2017/07/18 v5.2 algorithms environments
\c@AlgoLine=\count328
\algocf@hangindent=\skip78
 (C:\Users\dijes\AppData\Local\Programs\MiKTeX\tex/latex/ifoddpage\ifoddpage.sty
Package: ifoddpage 2022/10/18 v1.2 Conditionals for odd/even page detection
\c@checkoddpage=\count329
) (C:\Users\dijes\AppData\Local\Programs\MiKTeX\tex/latex/tools\xspace.sty
Package: xspace 2014/10/28 v1.13 Space after command names (DPC,MH)
)
\skiptotal=\skip79
\skiplinenumber=\skip80
\skiprule=\skip81
\skiphlne=\skip82
\skiptext=\skip83
\skiplength=\skip84
\algomargin=\skip85
\skipalgocfslide=\skip86
\algowidth=\dimen312
\inoutsize=\dimen313
\inoutindent=\dimen314
\interspacetitleruled=\dimen315
\interspacealgoruled=\dimen316
\interspacetitleboxruled=\dimen317
\algocf@ruledwidth=\skip87
\algocf@inoutbox=\box76
\algocf@inputbox=\box77
\AlCapSkip=\skip88
\AlCapHSkip=\skip89
\algoskipindent=\skip90
\algocf@nlbox=\box78
\algocf@hangingbox=\box79
\algocf@untilbox=\box80
\algocf@skipuntil=\skip91
\algocf@capbox=\box81
\algocf@lcaptionbox=\skip92
\algoheightruledefault=\skip93
\algoheightrule=\skip94
\algotitleheightruledefault=\skip95
\algotitleheightrule=\skip96
\c@algocfline=\count330
\c@algocfproc=\count331
\c@algocf=\count332
\algocf@algoframe=\box82
\algocf@algobox=\box83
) (C:\Users\dijes\AppData\Local\Programs\MiKTeX\tex/latex/listings\listings.sty
\lst@mode=\count333
\lst@gtempboxa=\box84
\lst@token=\toks52
\lst@length=\count334
\lst@currlwidth=\dimen318
\lst@column=\count335
\lst@pos=\count336
\lst@lostspace=\dimen319
\lst@width=\dimen320
\lst@newlines=\count337
\lst@lineno=\count338
\lst@maxwidth=\dimen321
 (C:\Users\dijes\AppData\Local\Programs\MiKTeX\tex/latex/listings\lstmisc.sty
File: lstmisc.sty 2023/02/27 1.9 (Carsten Heinz)
\c@lstnumber=\count339
\lst@skipnumbers=\count340
\lst@framebox=\box85
) (C:\Users\dijes\AppData\Local\Programs\MiKTeX\tex/latex/listings\listings.cfg
File: listings.cfg 2023/02/27 1.9 listings configuration
))
Package: listings 2023/02/27 1.9 (Carsten Heinz)
 (mcode.sty
-- Package: `mcode' 2.5 <2014/03/06> --
Package: mcode 2014/03/06 2.5
 - settings optimized for display (colour formating)
 - line numbering enabled
) (C:\Users\dijes\AppData\Local\Programs\MiKTeX\tex/latex/csquotes\csquotes.sty
Package: csquotes 2024-04-04 v5.2o context-sensitive quotations (JAW)
 (C:\Users\dijes\AppData\Local\Programs\MiKTeX\tex/latex/etoolbox\etoolbox.sty
Package: etoolbox 2020/10/05 v2.5k e-TeX tools for LaTeX (JAW)
\etb@tempcnta=\count341
)
\csq@reset=\count342
\csq@gtype=\count343
\csq@glevel=\count344
\csq@qlevel=\count345
\csq@maxlvl=\count346
\csq@tshold=\count347
\csq@ltx@everypar=\toks53
 (C:\Users\dijes\AppData\Local\Programs\MiKTeX\tex/latex/csquotes\csquotes.def
File: csquotes.def 2024-04-04 v5.2o csquotes generic definitions (JAW)
)
Package csquotes Info: Trying to load configuration file 'csquotes.cfg'...
Package csquotes Info: ... configuration file loaded successfully.
 (C:\Users\dijes\AppData\Local\Programs\MiKTeX\tex/latex/csquotes\csquotes.cfg
File: csquotes.cfg 
)) (C:\Users\dijes\AppData\Local\Programs\MiKTeX\tex/latex/todonotes\todonotes.sty
Package: todonotes 2024/01/05 v1.1.7 Todonotes source and documentation.
Package: todonotes 2024/01/05
 (C:\Users\dijes\AppData\Local\Programs\MiKTeX\tex/latex/xkeyval\xkeyval.sty
Package: xkeyval 2022/06/16 v2.9 package option processing (HA)
 (C:\Users\dijes\AppData\Local\Programs\MiKTeX\tex/generic/xkeyval\xkeyval.tex (C:\Users\dijes\AppData\Local\Programs\MiKTeX\tex/generic/xkeyval\xkvutils.tex
\XKV@toks=\toks54
\XKV@tempa@toks=\toks55
)
\XKV@depth=\count348
File: xkeyval.tex 2014/12/03 v2.7a key=value parser (HA)
))
\c@@todonotes@numberoftodonotes=\count349
) (C:\Users\dijes\AppData\Local\Programs\MiKTeX\tex/latex/changes\changes.sty
Package: changes 2021/07/15 v4.2.1 changes package

*** changes package 2021/07/15 v4.2.1 ***
ulem-option 'normalem,normalbf', passed to package ulem
truncate-option 'breakall,fit', passed to package truncate
changes-option 'authormarkup=superscript'
changes-option 'authormarkuptext=id'
changes-option 'markup=underlined'
ulem-option 'ULforem,normalbf', passed to package ulem
(C:\Users\dijes\AppData\Local\Programs\MiKTeX\tex/latex/ulem\ulem.sty
\UL@box=\box86
\UL@hyphenbox=\box87
\UL@skip=\skip97
\UL@hook=\toks56
\UL@height=\dimen322
\UL@pe=\count350
\UL@pixel=\dimen323
\ULC@box=\box88
Package: ulem 2019/11/18
\ULdepth=\dimen324
)
\c@Changes@AuthorCount=\count351
\c@Changes@Author=\count352
\c@Changes@addedCount=\count353
\c@Changes@deletedCount=\count354
\c@Changes@replacedCount=\count355
\c@Changes@highlightCount=\count356
\c@Changes@commentCount=\count357
\c@authorcommentcount=\count358
 (C:\Users\dijes\AppData\Local\Programs\MiKTeX\tex/latex/truncate\truncate.sty
Package: truncate 2001/08/20  ver 3.6
\@Trunc@RestHyph=\toks57
)
\Changestruncatewidth=\skip98
\Changes@summary@width=\skip99
) (C:\Users\dijes\AppData\Local\Programs\MiKTeX\tex/latex/setspace\setspace.sty
Package: setspace 2022/12/04 v6.7b set line spacing
) (C:\Users\dijes\AppData\Local\Programs\MiKTeX\tex/latex/paralist\paralist.sty
Package: paralist 2017/01/22 v2.7 Extended list environments
\pltopsep=\skip100
\plpartopsep=\skip101
\plitemsep=\skip102
\plparsep=\skip103
\pl@lab=\toks58
) (C:\Users\dijes\AppData\Local\Programs\MiKTeX\tex/latex/cite\cite.sty
LaTeX Info: Redefining \cite on input line 302.
LaTeX Info: Redefining \nocite on input line 332.
Package: cite 2015/02/27  v 5.5
) (C:\Users\dijes\AppData\Local\Programs\MiKTeX\tex/latex/acronym\acronym.sty
Package: acronym 2025/01/17 v1.50 Support for acronyms (Tobias Oetiker)
 (C:\Users\dijes\AppData\Local\Programs\MiKTeX\tex/latex/bigfoot\suffix.sty
Package: suffix 2006/07/15 1.5a Variant command support
)
\AC@clearlist=\toks59
) (C:\Users\dijes\AppData\Local\Programs\MiKTeX\tex/latex/hyperref\hyperref.sty
Package: hyperref 2023-11-26 v7.01g Hypertext links for LaTeX
 (C:\Users\dijes\AppData\Local\Programs\MiKTeX\tex/latex/kvsetkeys\kvsetkeys.sty
Package: kvsetkeys 2022-10-05 v1.19 Key value parser (HO)
) (C:\Users\dijes\AppData\Local\Programs\MiKTeX\tex/generic/kvdefinekeys\kvdefinekeys.sty
Package: kvdefinekeys 2019-12-19 v1.6 Define keys (HO)
) (C:\Users\dijes\AppData\Local\Programs\MiKTeX\tex/generic/pdfescape\pdfescape.sty
Package: pdfescape 2019/12/09 v1.15 Implements pdfTeX's escape features (HO)
) (C:\Users\dijes\AppData\Local\Programs\MiKTeX\tex/latex/hycolor\hycolor.sty
Package: hycolor 2020-01-27 v1.10 Color options for hyperref/bookmark (HO)
) (C:\Users\dijes\AppData\Local\Programs\MiKTeX\tex/latex/letltxmacro\letltxmacro.sty
Package: letltxmacro 2019/12/03 v1.6 Let assignment for LaTeX macros (HO)
) (C:\Users\dijes\AppData\Local\Programs\MiKTeX\tex/latex/auxhook\auxhook.sty
Package: auxhook 2019-12-17 v1.6 Hooks for auxiliary files (HO)
) (C:\Users\dijes\AppData\Local\Programs\MiKTeX\tex/latex/hyperref\nameref.sty
Package: nameref 2023-11-26 v2.56 Cross-referencing by name of section
 (C:\Users\dijes\AppData\Local\Programs\MiKTeX\tex/latex/refcount\refcount.sty
Package: refcount 2019/12/15 v3.6 Data extraction from label references (HO)
) (C:\Users\dijes\AppData\Local\Programs\MiKTeX\tex/generic/gettitlestring\gettitlestring.sty
Package: gettitlestring 2019/12/15 v1.6 Cleanup title references (HO)
 (C:\Users\dijes\AppData\Local\Programs\MiKTeX\tex/latex/kvoptions\kvoptions.sty
Package: kvoptions 2022-06-15 v3.15 Key value format for package options (HO)
))
\c@section@level=\count359
)
\@linkdim=\dimen325
\Hy@linkcounter=\count360
\Hy@pagecounter=\count361
 (C:\Users\dijes\AppData\Local\Programs\MiKTeX\tex/latex/hyperref\pd1enc.def
File: pd1enc.def 2023-11-26 v7.01g Hyperref: PDFDocEncoding definition (HO)
Now handling font encoding PD1 ...
... no UTF-8 mapping file for font encoding PD1
) (C:\Users\dijes\AppData\Local\Programs\MiKTeX\tex/generic/intcalc\intcalc.sty
Package: intcalc 2019/12/15 v1.3 Expandable calculations with integers (HO)
)
\Hy@SavedSpaceFactor=\count362
 (C:\Users\dijes\AppData\Local\Programs\MiKTeX\tex/latex/hyperref\puenc.def
File: puenc.def 2023-11-26 v7.01g Hyperref: PDF Unicode definition (HO)
Now handling font encoding PU ...
... no UTF-8 mapping file for font encoding PU
)
Package hyperref Info: Hyper figures OFF on input line 4181.
Package hyperref Info: Link nesting OFF on input line 4186.
Package hyperref Info: Hyper index ON on input line 4189.
Package hyperref Info: Plain pages OFF on input line 4196.
Package hyperref Info: Backreferencing OFF on input line 4201.
Package hyperref Info: Implicit mode ON; LaTeX internals redefined.
Package hyperref Info: Bookmarks ON on input line 4448.
\c@Hy@tempcnt=\count363
 (C:\Users\dijes\AppData\Local\Programs\MiKTeX\tex/latex/url\url.sty
\Urlmuskip=\muskip17
Package: url 2013/09/16  ver 3.4  Verb mode for urls, etc.
)
LaTeX Info: Redefining \url on input line 4786.
\XeTeXLinkMargin=\dimen326
 (C:\Users\dijes\AppData\Local\Programs\MiKTeX\tex/generic/bitset\bitset.sty
Package: bitset 2019/12/09 v1.3 Handle bit-vector datatype (HO)
 (C:\Users\dijes\AppData\Local\Programs\MiKTeX\tex/generic/bigintcalc\bigintcalc.sty
Package: bigintcalc 2019/12/15 v1.5 Expandable calculations on big integers (HO)
))
\Fld@menulength=\count364
\Field@Width=\dimen327
\Fld@charsize=\dimen328
Package hyperref Info: Hyper figures OFF on input line 6065.
Package hyperref Info: Link nesting OFF on input line 6070.
Package hyperref Info: Hyper index ON on input line 6073.
Package hyperref Info: backreferencing OFF on input line 6080.
Package hyperref Info: Link coloring OFF on input line 6085.
Package hyperref Info: Link coloring with OCG OFF on input line 6090.
Package hyperref Info: PDF/A mode OFF on input line 6095.
 (C:\Users\dijes\AppData\Local\Programs\MiKTeX\tex/latex/base\atbegshi-ltx.sty
Package: atbegshi-ltx 2021/01/10 v1.0c Emulation of the original atbegshi
package with kernel methods
)
\Hy@abspage=\count365
\c@Item=\count366
\c@Hfootnote=\count367
)
Package hyperref Info: Driver (autodetected): hpdftex.
 (C:\Users\dijes\AppData\Local\Programs\MiKTeX\tex/latex/hyperref\hpdftex.def
File: hpdftex.def 2023-11-26 v7.01g Hyperref driver for pdfTeX
 (C:\Users\dijes\AppData\Local\Programs\MiKTeX\tex/latex/base\atveryend-ltx.sty
Package: atveryend-ltx 2020/08/19 v1.0a Emulation of the original atveryend package
with kernel methods
)
\Fld@listcount=\count368
\c@bookmark@seq@number=\count369
 (C:\Users\dijes\AppData\Local\Programs\MiKTeX\tex/latex/rerunfilecheck\rerunfilecheck.sty
Package: rerunfilecheck 2025-06-21 v1.11 Rerun checks for auxiliary files (HO)
 (C:\Users\dijes\AppData\Local\Programs\MiKTeX\tex/generic/uniquecounter\uniquecounter.sty
Package: uniquecounter 2019/12/15 v1.4 Provide unlimited unique counter (HO)
)
Package uniquecounter Info: New unique counter `rerunfilecheck' on input line 284.
)
\Hy@SectionHShift=\skip104
)
Package hyperref Info: Option `colorlinks' set `true' on input line 210.
Package hyperref Info: Option `breaklinks' set `true' on input line 210.
Package hyperref Info: Option `bookmarksnumbered' set `true' on input line 210.
Package hyperref Info: Option `bookmarksopen' set `true' on input line 210.
 (C:\Users\dijes\AppData\Local\Programs\MiKTeX\tex/latex/cleveref\cleveref.sty
Package: cleveref 2018/03/27 v0.21.4 Intelligent cross-referencing
Package cleveref Info: `hyperref' support loaded on input line 2370.
LaTeX Info: Redefining \cref on input line 2370.
LaTeX Info: Redefining \Cref on input line 2370.
LaTeX Info: Redefining \crefrange on input line 2370.
LaTeX Info: Redefining \Crefrange on input line 2370.
LaTeX Info: Redefining \cpageref on input line 2370.
LaTeX Info: Redefining \Cpageref on input line 2370.
LaTeX Info: Redefining \cpagerefrange on input line 2370.
LaTeX Info: Redefining \Cpagerefrange on input line 2370.
LaTeX Info: Redefining \labelcref on input line 2370.
LaTeX Info: Redefining \labelcpageref on input line 2370.
Package cleveref Info: `amsthm' support loaded on input line 3026.
Package cleveref Info: `listings' support loaded on input line 3131.
Package cleveref Info: `algorithm2e' support loaded on input line 3147.
) (C:\Users\dijes\AppData\Local\Programs\MiKTeX\tex/latex/enumitem\enumitem.sty
Package: enumitem 2025/02/06 v3.11 Customized lists
\labelindent=\skip105
\enit@outerparindent=\dimen329
\enit@toks=\toks60
\enit@inbox=\box89
\enit@count@id=\count370
\enitdp@description=\count371
) (C:\Users\dijes\AppData\Local\Programs\MiKTeX\tex/latex/glossaries/base\glossaries.sty
Package: glossaries 2025/08/11 v4.8 (NLCT)
 (C:\Users\dijes\AppData\Local\Programs\MiKTeX\tex/latex/mfirstuc\mfirstuc.sty
Package: mfirstuc 2025/04/03 v2.09 (NLCT)
\@glsmfirst=\toks61
\@glsmrest=\toks62
) (C:\Users\dijes\AppData\Local\Programs\MiKTeX\tex/latex/xfor\xfor.sty
Package: xfor 2009/02/05 v1.05 (NLCT)
) (C:\Users\dijes\AppData\Local\Programs\MiKTeX\tex/latex/tracklang\tracklang.sty
Package: tracklang 2025/03/11 v1.6.6 (NLCT) Track Languages
 (C:\Users\dijes\AppData\Local\Programs\MiKTeX\tex/generic/tracklang\tracklang.tex)
Package tracklang Info: Tracking dialect `english' (language `english') on input line 264.
Package tracklang Info: Tracking dialect `portuguese' (language `portuges') on input line 264.
Package tracklang Info: Tracking dialect `english' (language `english') on input line 264.
Package tracklang Info: Tracking dialect `portuguese' (language `portuges') on input line 264.
) (C:\Users\dijes\AppData\Local\Programs\MiKTeX\tex/latex/translator\translator.sty
Package: translator 2021-05-31 v1.12d Easy translation of strings in LaTeX
) (C:\Users\dijes\AppData\Local\Programs\MiKTeX\tex/latex/glossaries-english\glossaries-english.ldf
File: glossaries-english.ldf 2014/11/23 v1.0
) (C:\Users\dijes\AppData\Local\Programs\MiKTeX\tex/latex/glossaries-portuges\glossaries-portuges.ldf
File: glossaries-portuges.ldf 2014/11/23 v1.0
 (C:\Users\dijes\AppData\Local\Programs\MiKTeX\tex/latex/glossaries-portuges\glossaries-portuges-utf8.ldf)) (C:\Users\dijes\AppData\Local\Programs\MiKTeX\tex/latex/datatool\datatool-base.sty
Package: datatool-base 2025/04/25 v3.4.1 (NLCT)
 (C:\Users\dijes\AppData\Local\Programs\MiKTeX\tex/latex/datatool\datatool-l3fp.def
File: datatool-l3fp.def 2025/04/25 v3.4.1 (NLCT)
)
\@dtl@toks=\toks63
\@dtl@tmpcount=\count372
\dtl@tmplength=\skip106
\l__datatool_measure_box=\box90
\dtl@sortresult=\count373
 (C:\Users\dijes\AppData\Local\Programs\MiKTeX\tex/latex/datatool\datatool-utf8.ldf
File: datatool-utf8.ldf 2025/04/25 v3.4.1 (NLCT)
)
\@dtl@datatype=\count374
\l__datatool_tmpa_int=\count375
\l__datatool_tmpb_int=\count376
\l__datatool_tmpc_int=\count377
\l__datatool_tmpd_int=\count378
\l__datatool_count_int=\count379
\l__datatool_tmp_datatype_int=\count380
\l__datatool_tmpa_dim=\dimen330
\l__datatool_tmpb_dim=\dimen331
\c_datatool_unknown_int=\count381
\l__datatool_year_int=\count382
\l__datatool_month_int=\count383
\l__datatool_day_int=\count384
\l__datatool_hour_int=\count385
\l__datatool_minute_int=\count386
\l__datatool_second_int=\count387
\l__datatool_tzhour_int=\count388
\l__datatool_tzminute_int=\count389
\l__datatool_julian_int=\count390
\l__datatool_local_julian_int=\count391
\l__datatool_prefix_int=\count392
\l__datatool_suffix_int=\count393
\@dtl@foreach@level=\count394


Package tracklang Warning: No `datatool' support for dialect `english'  on input line 9908.


Package tracklang Warning: No `datatool' support for dialect `portuguese'  on input line 9908.

\dtl@codeA=\count395
\dtl@codeB=\count396
)
\gls@level=\count397
\@gls@tmpb=\toks64
\gls@tmplen=\skip107
\l__glossaries_tmpa_dim=\dimen332
\l__glossaries_tmpb_dim=\dimen333
\glskeylisttok=\toks65
\glslabeltok=\toks66
\glsshorttok=\toks67
\glslongtok=\toks68
 (C:\Users\dijes\AppData\Local\Programs\MiKTeX\tex/latex/glossaries/styles\glossary-hypernav.sty
Package: glossary-hypernav 2025/08/11 v4.8 (NLCT)
) (C:\Users\dijes\AppData\Local\Programs\MiKTeX\tex/latex/glossaries/styles\glossary-list.sty
Package: glossary-list 2025/08/11 v4.8 (NLCT)
\glslistdottedwidth=\skip108
) (C:\Users\dijes\AppData\Local\Programs\MiKTeX\tex/latex/glossaries/styles\glossary-long.sty
Package: glossary-long 2025/08/11 v4.8 (NLCT)
\glsdescwidth=\skip109
\glspagelistwidth=\skip110
) (C:\Users\dijes\AppData\Local\Programs\MiKTeX\tex/latex/glossaries/styles\glossary-super.sty
Package: glossary-super 2025/08/11 v4.8 (NLCT)
 (C:\Users\dijes\AppData\Local\Programs\MiKTeX\tex/latex/supertabular\supertabular.sty
Package: supertabular 2024/07/20 v4.2c the supertabular environment
\c@tracingst=\count398
\ST@wd=\dimen334
\ST@rightskip=\skip111
\ST@leftskip=\skip112
\ST@parfillskip=\skip113
\ST@pageleft=\dimen335
\ST@headht=\dimen336
\ST@tailht=\dimen337
\ST@pagesofar=\dimen338
\ST@pboxht=\dimen339
\ST@rowht=\dimen340
\ST@prevht=\dimen341
\ST@toadd=\dimen342
\ST@dimen=\dimen343
\ST@pbox=\box91
)) (C:\Users\dijes\AppData\Local\Programs\MiKTeX\tex/latex/glossaries/styles\glossary-tree.sty
Package: glossary-tree 2025/08/11 v4.8 (NLCT)
\l__glossaries_tree_max_known_level_int=\count399
\l__glossaries_tree_offset_dim=\dimen344
\l__glossaries_tree_namewidth_dim=\dimen345
\l__glossaries_tree_symbolwidth_dim=\dimen346
\l__glossaries_tree_prenamesym_width_dim=\dimen347
\l__glossaries_tree_presubnamesym_width_dim=\dimen348
\l__glossaries_tree_namewidth_padding_dim=\dimen349
\l__glossaries_tree_symbolwidth_padding_dim=\dimen350
\l__glossaries_tree_namesymbolwidth_dim=\dimen351
\l__glossaries_tree_namesymbolwidth_padding_dim=\dimen352
\l__glossaries_tree_level_int=\count400
\glstreeindent=\skip114
))
\glswrite=\write4
\glo@main@file=\write5
\openout5 = `main.glo'.

Package glossaries Info: Writing glossary file main.glo on input line 261.
 (Chapters/Glossary.tex) (cover-titlepage.sty) (C:\Users\dijes\AppData\Local\Programs\MiKTeX\tex/latex/fancyhdr\fancyhdr.sty
Package: fancyhdr 2025/02/07 v5.2 Extensive control of page headers and footers
\f@nch@headwidth=\skip115
\f@nch@offset@elh=\skip116
\f@nch@offset@erh=\skip117
\f@nch@offset@olh=\skip118
\f@nch@offset@orh=\skip119
\f@nch@offset@elf=\skip120
\f@nch@offset@erf=\skip121
\f@nch@offset@olf=\skip122
\f@nch@offset@orf=\skip123
\f@nch@height=\skip124
\f@nch@footalignment=\skip125
\f@nch@widthL=\skip126
\f@nch@widthC=\skip127
\f@nch@widthR=\skip128
\@temptokenb=\toks69
) (C:\Users\dijes\AppData\Local\Programs\MiKTeX\tex/latex/etoc\etoc.sty
Package: etoc 2023/10/29 v1.2d Completely customisable TOCs (JFB)
 (C:\Users\dijes\AppData\Local\Programs\MiKTeX\tex/latex/tools\multicol.sty
Package: multicol 2023/03/30 v1.9f multicolumn formatting (FMi)
\c@tracingmulticols=\count401
\mult@box=\box92
\multicol@leftmargin=\dimen353
\c@unbalance=\count402
\c@collectmore=\count403
\doublecol@number=\count404
\multicoltolerance=\count405
\multicolpretolerance=\count406
\full@width=\dimen354
\page@free=\dimen355
\premulticols=\dimen356
\postmulticols=\dimen357
\multicolsep=\skip129
\multicolbaselineskip=\skip130
\partial@page=\box93
\last@line=\box94
\mc@boxedresult=\box95
\maxbalancingoverflow=\dimen358
\mult@rightbox=\box96
\mult@grightbox=\box97
\mult@firstbox=\box98
\mult@gfirstbox=\box99
\@tempa=\box100
\@tempa=\box101
\@tempa=\box102
\@tempa=\box103
\@tempa=\box104
\@tempa=\box105
\@tempa=\box106
\@tempa=\box107
\@tempa=\box108
\@tempa=\box109
\@tempa=\box110
\@tempa=\box111
\@tempa=\box112
\@tempa=\box113
\@tempa=\box114
\@tempa=\box115
\@tempa=\box116
\@tempa=\box117
\@tempa=\box118
\@tempa=\box119
\@tempa=\box120
\@tempa=\box121
\@tempa=\box122
\@tempa=\box123
\@tempa=\box124
\@tempa=\box125
\@tempa=\box126
\@tempa=\box127
\@tempa=\box128
\@tempa=\box129
\@tempa=\box130
\@tempa=\box131
\@tempa=\box132
\@tempa=\box133
\@tempa=\box134
\@tempa=\box135
\c@minrows=\count407
\c@columnbadness=\count408
\c@finalcolumnbadness=\count409
\last@try=\dimen359
\multicolovershoot=\dimen360
\multicolundershoot=\dimen361
\mult@nat@firstbox=\box136
\colbreak@box=\box137
\mc@col@check@num=\count410
)
\Etoc@toctoks=\toks70
\c@etoc@tocid=\count411
\etoc@framed@titlebox=\box138
\etoc@framed@contentsbox=\box139
) (C:\Users\dijes\AppData\Local\Programs\MiKTeX\tex/latex/minitoc\minitoc.sty
Package: minitoc 2018/07/12 v62 Package minitoc
 (C:\Users\dijes\AppData\Local\Programs\MiKTeX\tex/latex/minitoc\mtcmess.sty
Package: mtcmess 2006/03/14
)
Package minitoc Info: I0001
(minitoc)             *** minitoc package, version 62 ***.
\tf@mtc=\write6
\mtcindent=\skip131
\mtcskipamount=\skip132
Package minitoc Info: I0005
(minitoc)             compatible with hyperref.
Package minitoc Info: I0023
(minitoc)             part level macros available.
Package minitoc Info: I0003
(minitoc)             chapter level macros available.
\mtc@toks=\toks71
\mtc@strutbox=\box140
\mtc@hstrutbox=\box141
Package minitoc Info: I0002
(minitoc)             Autoconfiguration of extensions.
\openout6 = `main.mtc0'.

\openout6 = `main.mtc'.

 (main.mtc0)
Package minitoc Info: I0012
(minitoc)             Long extensions (Unix-like) will be used.
Package minitoc Info: I0031
(minitoc)             ==> this version is configured for UNIX-like 
(minitoc)                 (long extensions) file names.
\openout6 = `main.mtc'.

\openout6 = `main.mtc0'.

\c@mtc=\count412
\c@minitocdepth=\count413
\c@ptc=\count414
\c@parttocdepth=\count415
\ptcindent=\skip133
Package minitoc Info: I0010
(minitoc)             The english language is selected.
(minitoc)              on input line 4910.
 (C:\Users\dijes\AppData\Local\Programs\MiKTeX\tex/latex/minitoc\english.mld
File: english.mld 2006/01/13
) (C:\Users\dijes\AppData\Local\Programs\MiKTeX\tex/latex/minitoc\english.mld
File: english.mld 2006/01/13
))
Package minitoc Info: I0010
(minitoc)             The english language is selected.
(minitoc)              on input line 352.
 (C:\Users\dijes\AppData\Local\Programs\MiKTeX\tex/latex/minitoc\english.mld
File: english.mld 2006/01/13
))
Package csquotes Info: Checking for multilingual support...
Package csquotes Info: ... found 'babel' package.
Package csquotes Info: Adjusting default style.
Package csquotes Info: Redefining alias 'default' -> 'english'.
 (C:\Users\dijes\AppData\Local\Programs\MiKTeX\tex/latex/l3backend\l3backend-pdftex.def
File: l3backend-pdftex.def 2024-01-04 L3 backend support: PDF output (pdfTeX)
\l__color_backend_stack_int=\count416
\l__pdf_internal_box=\box142
) (main.aux

LaTeX Warning: Label `a' multiply defined.


LaTeX Warning: Label `a@cref' multiply defined.


LaTeX Warning: Label `a' multiply defined.


LaTeX Warning: Label `a@cref' multiply defined.


LaTeX Warning: Label `a' multiply defined.


LaTeX Warning: Label `a@cref' multiply defined.


LaTeX Warning: Label `a' multiply defined.


LaTeX Warning: Label `a@cref' multiply defined.


LaTeX Warning: Label `a' multiply defined.


LaTeX Warning: Label `a@cref' multiply defined.


LaTeX Warning: Label `a' multiply defined.


LaTeX Warning: Label `a@cref' multiply defined.


LaTeX Warning: Label `a' multiply defined.


LaTeX Warning: Label `a@cref' multiply defined.


LaTeX Warning: Label `a' multiply defined.


LaTeX Warning: Label `a@cref' multiply defined.


LaTeX Warning: Label `a' multiply defined.


LaTeX Warning: Label `a@cref' multiply defined.


LaTeX Warning: Label `a' multiply defined.


LaTeX Warning: Label `a@cref' multiply defined.


LaTeX Warning: Label `a' multiply defined.


LaTeX Warning: Label `a@cref' multiply defined.


LaTeX Warning: Label `a' multiply defined.


LaTeX Warning: Label `a@cref' multiply defined.


LaTeX Warning: Label `a' multiply defined.


LaTeX Warning: Label `a@cref' multiply defined.


LaTeX Warning: Label `a' multiply defined.


LaTeX Warning: Label `a@cref' multiply defined.


LaTeX Warning: Label `a' multiply defined.


LaTeX Warning: Label `a@cref' multiply defined.


LaTeX Warning: Label `a' multiply defined.


LaTeX Warning: Label `a@cref' multiply defined.

)
\openout1 = `main.aux'.

LaTeX Font Info:    Checking defaults for OML/cmm/m/it on input line 44.
LaTeX Font Info:    ... okay on input line 44.
LaTeX Font Info:    Checking defaults for OMS/cmsy/m/n on input line 44.
LaTeX Font Info:    ... okay on input line 44.
LaTeX Font Info:    Checking defaults for OT1/cmr/m/n on input line 44.
LaTeX Font Info:    ... okay on input line 44.
LaTeX Font Info:    Checking defaults for T1/cmr/m/n on input line 44.
LaTeX Font Info:    ... okay on input line 44.
LaTeX Font Info:    Checking defaults for TS1/cmr/m/n on input line 44.
LaTeX Font Info:    ... okay on input line 44.
LaTeX Font Info:    Checking defaults for OMX/cmex/m/n on input line 44.
LaTeX Font Info:    ... okay on input line 44.
LaTeX Font Info:    Checking defaults for U/cmr/m/n on input line 44.
LaTeX Font Info:    ... okay on input line 44.
LaTeX Font Info:    Checking defaults for PD1/pdf/m/n on input line 44.
LaTeX Font Info:    ... okay on input line 44.
LaTeX Font Info:    Checking defaults for PU/pdf/m/n on input line 44.
LaTeX Font Info:    ... okay on input line 44.
 (C:\Users\dijes\AppData\Local\Programs\MiKTeX\tex/context/base/mkii\supp-pdf.mkii
[Loading MPS to PDF converter (version 2006.09.02).]
\scratchcounter=\count417
\scratchdimen=\dimen362
\scratchbox=\box143
\nofMPsegments=\count418
\nofMParguments=\count419
\everyMPshowfont=\toks72
\MPscratchCnt=\count420
\MPscratchDim=\dimen363
\MPnumerator=\count421
\makeMPintoPDFobject=\count422
\everyMPtoPDFconversion=\toks73
) (C:\Users\dijes\AppData\Local\Programs\MiKTeX\tex/latex/epstopdf-pkg\epstopdf-base.sty
Package: epstopdf-base 2020-01-24 v2.11 Base part for package epstopdf
Package epstopdf-base Info: Redefining graphics rule for `.eps' on input line 485.
 (C:\Users\dijes\AppData\Local\Programs\MiKTeX\tex/latex/00miktex\epstopdf-sys.cfg
File: epstopdf-sys.cfg 2021/03/18 v2.0 Configuration of epstopdf for MiKTeX
)) (C:\Users\dijes\AppData\Local\Programs\MiKTeX\tex/latex/ucs\ucsencs.def
File: ucsencs.def 2011/01/21 Fixes to fontencodings LGR, T3
)
Package caption Info: Begin \AtBeginDocument code.
Package caption Info: hyperref package is loaded.
Package caption Info: listings package is loaded.
Package caption Info: supertabular package is loaded.
Package caption Info: End \AtBeginDocument code.
\c@lstlisting=\count423
Package hyperref Info: Link coloring ON on input line 44.
 (main.out) (main.out)
\@outlinefile=\write7
\openout7 = `main.out'.

\Etoc@tf=\read5
\c@minilofdepth=\count424
\c@minilotdepth=\count425
\c@partlofdepth=\count426
\c@partlotdepth=\count427
\c@sectlofdepth=\count428
\c@sectlotdepth=\count429
Package minitoc(hints) Info: I0049
(minitoc(hints))             ==> You requested the hints option. 
(minitoc(hints))             Some hints are eventually given below.
 (Front_Cover.tex
\c@Changes@addedCountMN=\count430
\c@Changes@deletedCountMN=\count431
\c@Changes@replacedCountMN=\count432
\c@Changes@highlightCountMN=\count433
\c@Changes@commentCountMN=\count434
\c@Changes@addedCountJO=\count435
\c@Changes@deletedCountJO=\count436
\c@Changes@replacedCountJO=\count437
\c@Changes@highlightCountJO=\count438
\c@Changes@commentCountJO=\count439
\c@Changes@addedCountPT=\count440
\c@Changes@deletedCountPT=\count441
\c@Changes@replacedCountPT=\count442
\c@Changes@highlightCountPT=\count443
\c@Changes@commentCountPT=\count444
)
TextBlockOrigin set to -5mm x 0mm
<./Images/IST_A_RGB_POS.png, id=145, 509.905pt x 198.7425pt>
File: ./Images/IST_A_RGB_POS.png Graphic file (type png)
<use ./Images/IST_A_RGB_POS.png>
Package pdftex.def Info: ./Images/IST_A_RGB_POS.png  used on input line 50.
(pdftex.def)             Requested size: 142.26378pt x 55.4504pt.
TextBlockOrigin set to 0pt x 0pt
[1{C:/Users/dijes/AppData/Local/MiKTeX/fonts/map/pdftex/pdftex.map}{C:/Users/dijes/AppData/Local/Programs/MiKTeX/fonts/enc/dvips/base/8r.enc}

\openout4 = `main.xdy'.

 <./Images/IST_A_RGB_POS.png>]
TextBlockOrigin set to 0pt x 0pt
(Copyright.tex) [2



] (Chapters/Acknowledgments.tex) [1] [2


] (Chapters/EN-Abstract.tex) (Chapters/EN-KeyWords.tex) [3

] [4


] (Chapters/PT-Resumo.tex) (Chapters/PT-PalavrasChave.tex) [5

] [6


]
Package minitoc Info: I0024
(minitoc)             PREPARING MINITOCS FROM main.toc on input line 98.
Package minitoc Info: I0033
(minitoc)             Writing main.mtc1.
\openout6 = `main.mtc1'.

Package minitoc Info: I0033
(minitoc)             Writing main.mtc2.
\openout6 = `main.mtc2'.

Package minitoc Info: I0033
(minitoc)             Writing main.mtc3.
\openout6 = `main.mtc3'.

Package minitoc Info: I0033
(minitoc)             Writing main.mtc4.
\openout6 = `main.mtc4'.

Package minitoc Info: I0033
(minitoc)             Writing main.mtc5.
\openout6 = `main.mtc5'.

Package minitoc Info: I0033
(minitoc)             Writing main.mtc6.
\openout6 = `main.mtc6'.

Package minitoc Info: I0033
(minitoc)             Writing main.mtc7.
\openout6 = `main.mtc7'.

Package minitoc Info: I0033
(minitoc)             Writing main.mtc8.
\openout6 = `main.mtc8'.

Package minitoc Info: I0033
(minitoc)             Writing main.mtc9.
\openout6 = `main.mtc9'.

Package minitoc Info: I0034
(minitoc)             PREPARING MINILOFS FROM main.lof on input line 99.
Package minitoc Info: I0033
(minitoc)             Writing main.mlf1.
\openout6 = `main.mlf1'.

Package minitoc Info: I0033
(minitoc)             Writing main.mlf2.
\openout6 = `main.mlf2'.

Package minitoc Info: I0033
(minitoc)             Writing main.mlf3.
\openout6 = `main.mlf3'.

Package minitoc Info: I0033
(minitoc)             Writing main.mlf4.
\openout6 = `main.mlf4'.

Package minitoc Info: I0033
(minitoc)             Writing main.mlf5.
\openout6 = `main.mlf5'.

Package minitoc Info: I0033
(minitoc)             Writing main.mlf6.
\openout6 = `main.mlf6'.

Package minitoc Info: I0033
(minitoc)             Writing main.mlf7.
\openout6 = `main.mlf7'.

Package minitoc Info: I0033
(minitoc)             Writing main.mlf8.
\openout6 = `main.mlf8'.

Package minitoc Info: I0037
(minitoc)             PREPARING MINILOTS FROM main.lot on input line 102.
Package minitoc Info: I0033
(minitoc)             Writing main.mlt1.
\openout6 = `main.mlt1'.

Package minitoc Info: I0033
(minitoc)             Writing main.mlt2.
\openout6 = `main.mlt2'.

Package minitoc Info: I0033
(minitoc)             Writing main.mlt3.
\openout6 = `main.mlt3'.

Package minitoc Info: I0033
(minitoc)             Writing main.mlt4.
\openout6 = `main.mlt4'.

Package minitoc Info: I0033
(minitoc)             Writing main.mlt5.
\openout6 = `main.mlt5'.

Package minitoc Info: I0033
(minitoc)             Writing main.mlt6.
\openout6 = `main.mlt6'.

Package minitoc Info: I0033
(minitoc)             Writing main.mlt7.
\openout6 = `main.mlt7'.

Package minitoc Info: I0033
(minitoc)             Writing main.mlt8.
\openout6 = `main.mlt8'.

\tf@toc=\write8
\openout8 = `main.toc'.

Package cleveref Info: loaded `english' language definitions on input line 107.
LaTeX Font Info:    Trying to load font information for U+msa on input line 107.
 (C:\Users\dijes\AppData\Local\Programs\MiKTeX\tex/latex/amsfonts\umsa.fd
File: umsa.fd 2013/01/14 v3.01 AMS symbols A
)
LaTeX Font Info:    Trying to load font information for U+msb on input line 107.
 (C:\Users\dijes\AppData\Local\Programs\MiKTeX\tex/latex/amsfonts\umsb.fd
File: umsb.fd 2013/01/14 v3.01 AMS symbols B
) [7

] [8

] (main.lof
Package cleveref Info: loaded `english' language definitions on input line 1.
)
\tf@lof=\write9
\openout9 = `main.lof'.

 [9

] [10

] (main.lot
Package cleveref Info: loaded `english' language definitions on input line 1.
)
\tf@lot=\write10
\openout10 = `main.lot'.

 [11] [12

] (main.loa)
\tf@loa=\write11
\openout11 = `main.loa'.

 [13] [14

] (main.lol
LaTeX Font Info:    Trying to load font information for T1+pcr on input line 4.
 (C:\Users\dijes\AppData\Local\Programs\MiKTeX\tex/latex/psnfss\t1pcr.fd
File: t1pcr.fd 2001/06/04 font definitions for T1/pcr.
))
\tf@lol=\write12
\openout12 = `main.lol'.

 [15] [16

] (Chapters/Acronyms.tex

LaTeX Warning: Hyper reference `acro:AVC' on page xvii undefined on input line 13.


LaTeX Warning: Hyper reference `acro:AVC' on page xvii undefined on input line 13.


LaTeX Warning: Hyper reference `acro:CC' on page xvii undefined on input line 15.


LaTeX Warning: Hyper reference `acro:CC' on page xvii undefined on input line 15.


LaTeX Warning: Hyper reference `acro:CDN' on page xvii undefined on input line 16.


LaTeX Warning: Hyper reference `acro:CDN' on page xvii undefined on input line 16.


LaTeX Warning: Hyper reference `acro:CPU' on page xvii undefined on input line 17.


LaTeX Warning: Hyper reference `acro:CPU' on page xvii undefined on input line 17.


LaTeX Warning: Hyper reference `acro:DASH' on page xvii undefined on input line 18.


LaTeX Warning: Hyper reference `acro:DASH' on page xvii undefined on input line 18.


LaTeX Warning: Hyper reference `acro:GPRS' on page xvii undefined on input line 23.


LaTeX Warning: Hyper reference `acro:GPRS' on page xvii undefined on input line 23.


LaTeX Warning: Hyper reference `acro:HD' on page xvii undefined on input line 27.


LaTeX Warning: Hyper reference `acro:HD' on page xvii undefined on input line 27.


LaTeX Warning: Hyper reference `acro:HTTP' on page xvii undefined on input line 30.


LaTeX Warning: Hyper reference `acro:HTTP' on page xvii undefined on input line 30.


LaTeX Warning: Hyper reference `acro:LAN' on page xvii undefined on input line 41.


LaTeX Warning: Hyper reference `acro:LAN' on page xvii undefined on input line 41.


LaTeX Warning: Hyper reference `acro:LTE' on page xvii undefined on input line 42.


LaTeX Warning: Hyper reference `acro:LTE' on page xvii undefined on input line 42.


LaTeX Warning: Hyper reference `acro:OS' on page xvii undefined on input line 49.


LaTeX Warning: Hyper reference `acro:OS' on page xvii undefined on input line 49.


LaTeX Warning: Hyper reference `acro:SD' on page xvii undefined on input line 67.


LaTeX Warning: Hyper reference `acro:SD' on page xvii undefined on input line 67.


LaTeX Warning: Hyper reference `acro:SVC' on page xvii undefined on input line 72.


LaTeX Warning: Hyper reference `acro:SVC' on page xvii undefined on input line 72.


LaTeX Warning: Hyper reference `acro:UI' on page xvii undefined on input line 77.


LaTeX Warning: Hyper reference `acro:UI' on page xvii undefined on input line 77.


LaTeX Warning: Hyper reference `acro:UMTS' on page xvii undefined on input line 78.


LaTeX Warning: Hyper reference `acro:UMTS' on page xvii undefined on input line 78.


LaTeX Warning: Hyper reference `acro:WLAN' on page xvii undefined on input line 84.


LaTeX Warning: Hyper reference `acro:WLAN' on page xvii undefined on input line 84.


LaTeX Warning: Hyper reference `acro:WWAN' on page xvii undefined on input line 86.


LaTeX Warning: Hyper reference `acro:WWAN' on page xvii undefined on input line 86.

) [17]
No file main.gls.
[18

] (Chapters/Thesis-Chapter_1.tex
Chapter 1.
LaTeX Font Info:    Trying to load font information for T1+pbk on input line 6.
(C:\Users\dijes\AppData\Local\Programs\MiKTeX\tex/latex/psnfss\t1pbk.fd
File: t1pbk.fd 2001/06/04 font definitions for T1/pbk.
)
LaTeX Font Info:    Font shape `T1/pbk/b/n' in size <10> not available
(Font)              Font shape `T1/pbk/db/n' tried instead on input line 6.
LaTeX Font Info:    Font shape `T1/pbk/b/n' in size <130> not available
(Font)              Font shape `T1/pbk/db/n' tried instead on input line 6.
Package cleveref Info: loaded `english' language definitions on input line 10.
Package hyperref Info: bookmark level for unknown todo defaults to 0 on input line 10.
LaTeX Font Info:    Trying to load font information for T1+cmtt on input line 12.
 (C:\Users\dijes\AppData\Local\Programs\MiKTeX\tex/latex/base\t1cmtt.fd
File: t1cmtt.fd 2023/04/13 v2.5m Standard LaTeX font definitions
)

LaTeX Warning: Citation `Apple:2011fk' on page 1 undefined on input line 16.


LaTeX Warning: Citation `AdobeHDS:ys' on page 1 undefined on input line 16.


LaTeX Warning: Citation `A.:qy' on page 1 undefined on input line 16.


Overfull \hbox (1.99777pt too wide) in paragraph at lines 17--17
\T1/phv/m/n/9 tesque:2014[]  
 []


Overfull \hbox (1.99777pt too wide) in paragraph at lines 17--17
\T1/phv/m/n/9 tesque:2014[]  
 []


pdfTeX warning (ext4): destination with the same identifier (name{page.1}) has been already used, duplicate ignored
<to be read again> 
                   \relax 
l.21 
      [1


]
Package hyperref Info: bookmark level for unknown replaced defaults to 0 on input line 26.
Package hyperref Info: bookmark level for unknown added defaults to 0 on input line 26.
Package hyperref Info: bookmark level for unknown deleted defaults to 0 on input line 26.
Package acronym Info: Label `acro:SD' newly defined as it shall be overridden
although it is yet undefined on input line 32.
Package acronym Info: Label `acro:HD' newly defined as it shall be overridden
although it is yet undefined on input line 32.
Package acronym Info: Label `acro:WLAN' newly defined as it shall be overridden
although it is yet undefined on input line 32.
Package acronym Info: Label `acro:WWAN' newly defined as it shall be overridden
although it is yet undefined on input line 32.

Overfull \hbox (4.01413pt too wide) in paragraph at lines 32--32
\T1/phv/m/n/9 ACRONYMS 
 []


Overfull \hbox (23.97571pt too wide) in paragraph at lines 32--32
\T1/phv/m/n/9 ``Chapters/Thesis- 
 []


Overfull \hbox (6.43517pt too wide) in paragraph at lines 32--32
\T1/phv/m/n/9 Aconyms.tex''[]  
 []


Overfull \hbox (4.01413pt too wide) in paragraph at lines 32--32
\T1/phv/m/n/9 ACRONYMS 
 []


Overfull \hbox (23.97571pt too wide) in paragraph at lines 32--32
\T1/phv/m/n/9 ``Chapters/Thesis- 
 []


Overfull \hbox (6.43517pt too wide) in paragraph at lines 32--32
\T1/phv/m/n/9 Aconyms.tex''[]  
 []

Package acronym Info: Label `acro:CPU' newly defined as it shall be overridden
although it is yet undefined on input line 36.
Package acronym Info: Label `acro:OS' newly defined as it shall be overridden
although it is yet undefined on input line 36.

pdfTeX warning (ext4): destination with the same identifier (name{page.2}) has been already used, duplicate ignored
<to be read again> 
                   \relax 
l.38 
      [2]
<./Images/cashed5.jpg, id=362, 668.4975pt x 333.245pt>
File: ./Images/cashed5.jpg Graphic file (type jpg)
<use ./Images/cashed5.jpg>
Package pdftex.def Info: ./Images/cashed5.jpg  used on input line 41.
(pdftex.def)             Requested size: 409.71689pt x 204.25035pt.
Package acronym Info: Label `acro:AVC' newly defined as it shall be overridden
although it is yet undefined on input line 46.
Package acronym Info: Label `acro:SVC' newly defined as it shall be overridden
although it is yet undefined on input line 46.


LaTeX Warning: Citation `Fraunhofer-Heinrich-Hertz-Institute:2013fk' on page 3 undefined on input line 46.


LaTeX Warning: Citation `ISO:H-264' on page 3 undefined on input line 46.

[3 <./Images/cashed5.jpg>]

LaTeX Warning: Cref reference format for label type `etoc@tocid' undefined on input line 63.


LaTeX Warning: cref reference format for label type `etoc@tocid' undefined on input line 64.


LaTeX Warning: cref reference format for label type `etoc@tocid' undefined on input line 65.


LaTeX Warning: Cref reference format for label type `etoc@tocid' undefined on input line 66.


LaTeX Warning: cref reference format for label type `etoc@tocid' undefined on input line 66.


LaTeX Warning: Cref reference format for label type `etoc@tocid' undefined on input line 67.

) [4] (Chapters/Thesis-Chapter_2.tex
Chapter 2.
Package cleveref Info: loaded `english' language definitions on input line 10.

LaTeX Warning: Citation `MacAulay:2005fk' on page 5 undefined on input line 14.


LaTeX Warning: Citation `Schwarz:2007lr' on page 5 undefined on input line 14.

[5


]

LaTeX Warning: Citation `RFC-VP8' on page 6 undefined on input line 53.


LaTeX Warning: Citation `Chiang:2011fk' on page 6 undefined on input line 53.


LaTeX Warning: Citation `Moscoso:2011fk' on page 6 undefined on input line 69.


LaTeX Warning: `h' float specifier changed to `ht'.

) [6] [7] [8

] (Chapters/Thesis-Chapter_3.tex
Chapter 3.
Package cleveref Info: loaded `english' language definitions on input line 10.
<./Images/Flowchart_from_draw-io.pdf, id=418, 548.0475pt x 472.76625pt>
File: ./Images/Flowchart_from_draw-io.pdf Graphic file (type pdf)
<use ./Images/Flowchart_from_draw-io.pdf>
Package pdftex.def Info: ./Images/Flowchart_from_draw-io.pdf  used on input line 18.
(pdftex.def)             Requested size: 455.24408pt x 392.7205pt.

LaTeX Warning: `h' float specifier changed to `ht'.

[9

]
<./Images/Network_from_draw-io.pdf, id=427, 1147.28625pt x 569.12625pt>
File: ./Images/Network_from_draw-io.pdf Graphic file (type pdf)
<use ./Images/Network_from_draw-io.pdf>
Package pdftex.def Info: ./Images/Network_from_draw-io.pdf  used on input line 29.
(pdftex.def)             Requested size: 455.24408pt x 225.82278pt.


LaTeX Warning: `h' float specifier changed to `ht'.

Package acronym Info: Label `acro:HTTP' newly defined as it shall be overridden
although it is yet undefined on input line 38.
Package acronym Info: Label `acro:CDN' newly defined as it shall be overridden
although it is yet undefined on input line 40.
Package acronym Info: Label `acro:CC' newly defined as it shall be overridden
although it is yet undefined on input line 40.
[10 <./Images/Flowchart_from_draw-io.pdf

pdfTeX warning: pdflatex (file ./Images/Flowchart_from_draw-io.pdf): PDF inclusion: invalid other resource which is no dict (key 'ProcSets', type <array>); ignored.
>]
Package acronym Info: Label `acro:DASH' newly defined as it shall be overridden
although it is yet undefined on input line 42.


LaTeX Warning: Citation `ISO/IEC:2012fk' on page 11 undefined on input line 42.


Overfull \hbox (2.24121pt too wide) in paragraph at lines 44--45
[]\T1/phv/m/n/10 The sys-tem should sup-port on-demand stream-ing of scal-
 []

Package acronym Info: Label `acro:LAN' newly defined as it shall be overridden
although it is yet undefined on input line 48.
Package acronym Info: Label `acro:GPRS' newly defined as it shall be overridden
although it is yet undefined on input line 48.
Package acronym Info: Label `acro:UMTS' newly defined as it shall be overridden
although it is yet undefined on input line 48.
Package acronym Info: Label `acro:LTE' newly defined as it shall be overridden
although it is yet undefined on input line 48.

Underfull \vbox (badness 10000) has occurred while \output is active []

 [11 <./Images/Network_from_draw-io.pdf>] (C:\Users\dijes\AppData\Local\Programs\MiKTeX\tex/latex/listings\lstlang1.sty
File: lstlang1.sty 2023/02/27 1.9 listings language file
) (C:\Users\dijes\AppData\Local\Programs\MiKTeX\tex/latex/listings\lstmisc.sty
File: lstmisc.sty 2023/02/27 1.9 (Carsten Heinz)
)
Package hyperref Info: bookmark level for unknown lstlisting defaults to 0 on input line 59.
) [12] (Chapters/Thesis-Chapter_4.tex
Chapter 4.
Package cleveref Info: loaded `english' language definitions on input line 10.
[13


]
LaTeX Font Info:    Trying to load font information for TS1+phv on input line 17.
 (C:\Users\dijes\AppData\Local\Programs\MiKTeX\tex/latex/psnfss\ts1phv.fd
File: ts1phv.fd 2020/03/25 scalable font definitions for TS1/phv.
) [14] (C:\Users\dijes\AppData\Local\Programs\MiKTeX\tex/latex/listings\lstlang1.sty
File: lstlang1.sty 2023/02/27 1.9 listings language file
) (C:\Users\dijes\AppData\Local\Programs\MiKTeX\tex/latex/listings\lstlang1.sty
File: lstlang1.sty 2023/02/27 1.9 listings language file
) (C:\Users\dijes\AppData\Local\Programs\MiKTeX\tex/latex/listings\lstmisc.sty
File: lstmisc.sty 2023/02/27 1.9 (Carsten Heinz)
)
LaTeX Font Info:    Font shape `T1/cmtt/bx/n' in size <10> not available
(Font)              Font shape `T1/cmtt/m/n' tried instead on input line 77.

Overfull \hbox (15.0pt too wide) in paragraph at lines 73--119
[]$[]$ 
 []


Underfull \vbox (badness 10000) has occurred while \output is active []

 [15] [16]
<./Images/ui_loading.png, id=548, 642.4pt x 1140.26pt>
File: ./Images/ui_loading.png Graphic file (type png)
<use ./Images/ui_loading.png>
Package pdftex.def Info: ./Images/ui_loading.png  used on input line 136.
(pdftex.def)             Requested size: 136.5746pt x 242.41948pt.
<./Images/ui_playout.png, id=549, 642.4pt x 1140.26pt>
File: ./Images/ui_playout.png Graphic file (type png)
<use ./Images/ui_playout.png>
Package pdftex.def Info: ./Images/ui_playout.png  used on input line 138.
(pdftex.def)             Requested size: 136.5746pt x 242.41948pt.
Package acronym Info: Label `acro:UI' newly defined as it shall be overridden
although it is yet undefined on input line 143.
) (Chapters/Thesis-Chapter_5.tex [17 <./Images/ui_loading.png> <./Images/ui_playout.png (PNG copy)>] [18

]
Chapter 5.
Package cleveref Info: loaded `english' language definitions on input line 9.
[19]
<./Images/test_env.jpg, id=574, 771.88374pt x 504.88625pt>
File: ./Images/test_env.jpg Graphic file (type jpg)
<use ./Images/test_env.jpg>
Package pdftex.def Info: ./Images/test_env.jpg  used on input line 17.
(pdftex.def)             Requested size: 364.19664pt x 238.22102pt.

Underfull \vbox (badness 10000) has occurred while \output is active []

 [20 <./Images/test_env.jpg>]
<./Images/tx_layer_4.pdf, id=583, 934.63657pt x 635.94908pt>
File: ./Images/tx_layer_4.pdf Graphic file (type pdf)
<use ./Images/tx_layer_4.pdf>
Package pdftex.def Info: ./Images/tx_layer_4.pdf  used on input line 71.
(pdftex.def)             Requested size: 227.62204pt x 154.87247pt.
<./Images/tx_layer_5.pdf, id=584, 934.63681pt x 635.94914pt>
File: ./Images/tx_layer_5.pdf Graphic file (type pdf)
<use ./Images/tx_layer_5.pdf>
Package pdftex.def Info: ./Images/tx_layer_5.pdf  used on input line 73.
(pdftex.def)             Requested size: 227.62204pt x 154.87248pt.

Overfull \hbox (2.11998pt too wide) in paragraph at lines 71--74
[][] [][] 
 []


LaTeX Warning: `h' float specifier changed to `ht'.

) [21] [22 <./Images/tx_layer_4.pdf> <./Images/tx_layer_5.pdf>] (Chapters/Thesis-Chapter_6.tex
Chapter 6.
Package cleveref Info: loaded `english' language definitions on input line 10.
[23


]) (main.bbl [24] [25] [26

]

LaTeX Warning: Empty `thebibliography' environment on input line 24.

) (Chapters/AppendixA.tex [27] [28

]
Appendix A.
[29]
LaTeX Font Info:    Trying to load font information for TS1+pcr on input line 39.
 (C:\Users\dijes\AppData\Local\Programs\MiKTeX\tex/latex/psnfss\ts1pcr.fd
File: ts1pcr.fd 2001/06/04 font definitions for TS1/pcr.
)
LaTeX Font Info:    Trying to load font information for T1+ptm on input line 45.
 (C:\Users\dijes\AppData\Local\Programs\MiKTeX\tex/latex/psnfss\t1ptm.fd
File: t1ptm.fd 2001/06/04 font definitions for T1/ptm.
)
LaTeX Info: Symbol \texttildelow not provided by
            font family ptm in TS1 encoding.
            Default family used instead on input line 45.
 [30] (tables_and_code/function.m) (C:\Users\dijes\AppData\Local\Programs\MiKTeX\tex/latex/listings\lstlang1.sty
File: lstlang1.sty 2023/02/27 1.9 listings language file
)
LaTeX Font Info:    Font shape `T1/cmtt/bx/n' in size <9> not available
(Font)              Font shape `T1/cmtt/m/n' tried instead on input line 66.
 [31]
LaTeX Font Info:    Trying to load font information for TS1+cmtt on input line 99.
 (C:\Users\dijes\AppData\Local\Programs\MiKTeX\tex/latex/base\ts1cmtt.fd
File: ts1cmtt.fd 2023/04/13 v2.5m Standard LaTeX font definitions
)
Underfull \vbox (badness 10000) has occurred while \output is active []

 [32] (C:\Users\dijes\AppData\Local\Programs\MiKTeX\tex/latex/listings\lstlang1.sty
File: lstlang1.sty 2023/02/27 1.9 listings language file
) [33]) [34] (Chapters/AppendixB.tex
Appendix B.
(tables_and_code/table_example.tex
LaTeX Font Info:    Font shape `T1/phv/m/it' in size <10> not available
(Font)              Font shape `T1/phv/m/sl' tried instead on input line 50.
LaTeX Font Info:    Font shape `T1/phv/m/it' in size <7> not available
(Font)              Font shape `T1/phv/m/sl' tried instead on input line 51.
LaTeX Font Info:    Font shape `T1/phv/m/it' in size <8> not available
(Font)              Font shape `T1/phv/m/sl' tried instead on input line 51.
)
Underfull \vbox (badness 3482) has occurred while \output is active []

 [35


]

LaTeX Warning: Reference `tab:lon_table' on page 1 undefined on input line 19.

)
\Changes@OutFile=\write13
\openout13 = `main.soc'.

\tf@loc=\write14
\openout14 = `main.loc'.

Package minitoc Info: I0009
(minitoc)             Listing minitoc auxiliary files. 
(minitoc)             Creating the main.maf file.
\openout6 = `main.maf'.



Package minitoc(hints) Warning: W0078
(minitoc(hints))                You have used \dominitoc, 
(minitoc(hints))                but not \minitoc.


Package minitoc(hints) Warning: W0079
(minitoc(hints))                You have used \dominilof, 
(minitoc(hints))                but not \minilof.


Package minitoc(hints) Warning: W0080
(minitoc(hints))                You have used \dominilot, 
(minitoc(hints))                but not \minilot.

Package minitoc(hints) Info: I0053
(minitoc(hints))             You have loaded the float package; 
(minitoc(hints))             please be aware that the minitoc package 
(minitoc(hints))             facilities can not be used for new types 
(minitoc(hints))             of floats defined by the float package.

Package minitoc(hints) Warning: W0024
(minitoc(hints))                Some hints have been written 
(minitoc(hints))                in the main.log file.

[36] (main.aux
Package cleveref Info: loaded `english' language definitions on input line 17.
)
 ***********
LaTeX2e <2023-11-01> patch level 1
L3 programming layer <2024-01-04>
 ***********


LaTeX Warning: There were undefined references.


LaTeX Warning: There were multiply-defined labels.

Package rerunfilecheck Info: File `main.out' has not changed.
(rerunfilecheck)             Checksum: 4B6A4E5D78E56BE2952F1F20DDC20E1D;5556.
 ) 
Here is how much of TeX's memory you used:
 46809 strings out of 474486
 903047 string characters out of 5743755
 2097542 words of memory out of 5000000
 67874 multiletter control sequences out of 15000+600000
 635683 words of font info for 125 fonts, out of 8000000 for 9000
 1141 hyphenation exceptions out of 8191
 90i,18n,119p,2565b,2719s stack positions out of 10000i,1000n,20000p,200000b,200000s

pdfTeX warning (dest): name{glo:LaTeX} has been referenced but does not exist, replaced by a fixed one


pdfTeX warning (dest): name{glo:formula} has been referenced but does not exist, replaced by a fixed one


pdfTeX warning (dest): name{glo:maths} has been referenced but does not exist, replaced by a fixed one

 <C:\Users\dijes\AppData\Local\MiKTeX\fonts/pk/ljfour/jknappen/ec/dpi600\ecit0900.pk> <C:\Users\dijes\AppData\Local\MiKTeX\fonts/pk/ljfour/jknappen/ec/dpi600\tctt0900.pk> <C:\Users\dijes\AppData\Local\MiKTeX\fonts/pk/ljfour/jknappen/ec/dpi600\ectt0900.pk> <C:\Users\dijes\AppData\Local\MiKTeX\fonts/pk/ljfour/jknappen/ec/dpi600\tcrm0900.pk> <C:\Users\dijes\AppData\Local\MiKTeX\fonts/pk/ljfour/jknappen/ec/dpi600\ectt1000.pk><C:/Users/dijes/AppData/Local/Programs/MiKTeX/fonts/type1/public/amsfonts/cm/cmex10.pfb><C:/Users/dijes/AppData/Local/Programs/MiKTeX/fonts/type1/public/amsfonts/cm/cmmi10.pfb><C:/Users/dijes/AppData/Local/Programs/MiKTeX/fonts/type1/public/amsfonts/cm/cmmi7.pfb><C:/Users/dijes/AppData/Local/Programs/MiKTeX/fonts/type1/public/amsfonts/cm/cmmi9.pfb><C:/Users/dijes/AppData/Local/Programs/MiKTeX/fonts/type1/public/amsfonts/cm/cmr10.pfb><C:/Users/dijes/AppData/Local/Programs/MiKTeX/fonts/type1/public/amsfonts/cm/cmr6.pfb><C:/Users/dijes/AppData/Local/Programs/MiKTeX/fonts/type1/public/amsfonts/cm/cmr7.pfb><C:/Users/dijes/AppData/Local/Programs/MiKTeX/fonts/type1/public/amsfonts/cm/cmr8.pfb><C:/Users/dijes/AppData/Local/Programs/MiKTeX/fonts/type1/public/amsfonts/cm/cmsy10.pfb><C:/Users/dijes/AppData/Local/Programs/MiKTeX/fonts/type1/public/amsfonts/cm/cmsy8.pfb><C:/Users/dijes/AppData/Local/Programs/MiKTeX/fonts/type1/urw/bookman/ubkd8a.pfb><C:/Users/dijes/AppData/Local/Programs/MiKTeX/fonts/type1/urw/courier/ucrr8a.pfb><C:/Users/dijes/AppData/Local/Programs/MiKTeX/fonts/type1/urw/helvetic/uhvb8a.pfb><C:/Users/dijes/AppData/Local/Programs/MiKTeX/fonts/type1/urw/helvetic/uhvr8a.pfb><C:/Users/dijes/AppData/Local/Programs/MiKTeX/fonts/type1/urw/helvetic/uhvro8a.pfb>
Output written on main.pdf (56 pages, 1187427 bytes).
PDF statistics:
 1664 PDF objects out of 1728 (max. 8388607)
 356 named destinations out of 1000 (max. 500000)
 338 words of extra memory for PDF output out of 10000 (max. 10000000)

